<?xml version="1.0" encoding="UTF-8"?>
<!-- Generated by org.testng.reporters.JUnitReportReporter -->
<testsuite hostname="wqa-test-PC" name="tests.acceptanceTestCases.TestHomePage" tests="6" failures="0" timestamp="5 Feb 2016 07:52:36 GMT" time="0.003" errors="6">
  <testcase name="testAllBooksWithMaximumAvailableBooksFromWY" time="0.000" classname="tests.acceptanceTestCases.TestHomePage">
    <error type="org.openqa.selenium.WebDriverException" message="Failed to connect to binary FirefoxBinary(C:\Program Files (x86)\Mozilla Firefox\firefox.exe) on port 7055; process output follows: 
 Contributors&quot;]},&quot;visible&quot;:true,&quot;active&quot;:true,&quot;userDisabled&quot;:false,&quot;appDisabled&quot;:false,&quot;descriptor&quot;:&quot;C:\\Program Files (x86)\\Mozilla Firefox\\browser\\extensions\\{972ce4c6-7e08-4474-a285-3208198ce6fd}&quot;,&quot;installDate&quot;:1454649944088,&quot;updateDate&quot;:1454649944088,&quot;applyBackgroundUpdates&quot;:1,&quot;skinnable&quot;:true,&quot;size&quot;:24166,&quot;sourceURI&quot;:null,&quot;releaseNotesURI&quot;:null,&quot;softDisabled&quot;:false,&quot;foreignInstall&quot;:false,&quot;hasBinaryComponents&quot;:false,&quot;strictCompatibility&quot;:true,&quot;locales&quot;:[],&quot;targetApplications&quot;:[{&quot;id&quot;:&quot;{ec8030f7-c20a-464f-9b0e-13a3a9e97384}&quot;,&quot;minVersion&quot;:&quot;44.0&quot;,&quot;maxVersion&quot;:&quot;44.0&quot;}],&quot;targetPlatforms&quot;:[]}
1454658710972	addons.xpi	DEBUG	getModTime: Recursive scan of {972ce4c6-7e08-4474-a285-3208198ce6fd}
1454658710974	addons.xpi	DEBUG	Updating XPIState for {&quot;id&quot;:&quot;fiddlerhook@fiddler2.com&quot;,&quot;syncGUID&quot;:&quot;BWaeiwLnTK4J&quot;,&quot;location&quot;:&quot;winreg-app-global&quot;,&quot;version&quot;:&quot;2.5.1.8&quot;,&quot;type&quot;:&quot;extension&quot;,&quot;internalName&quot;:null,&quot;updateURL&quot;:null,&quot;updateKey&quot;:null,&quot;optionsURL&quot;:null,&quot;optionsType&quot;:null,&quot;aboutURL&quot;:&quot;chrome://fiddlerhook/content/about.xul&quot;,&quot;icons&quot;:{},&quot;iconURL&quot;:&quot;chrome://fiddlerhook/content/fiddlerhook.png&quot;,&quot;icon64URL&quot;:null,&quot;defaultLocale&quot;:{&quot;name&quot;:&quot;FiddlerHook&quot;,&quot;description&quot;:&quot;Integrate Fiddler into Firefox&quot;,&quot;creator&quot;:&quot;Telerik&quot;,&quot;homepageURL&quot;:&quot;https://fiddler2.com/r/?FIDDLERHOOKHELP&quot;},&quot;visible&quot;:true,&quot;active&quot;:false,&quot;userDisabled&quot;:true,&quot;appDisabled&quot;:true,&quot;descriptor&quot;:&quot;C:\\Program Files (x86)\\Fiddler2\\FiddlerHook&quot;,&quot;installDate&quot;:1440131992017,&quot;updateDate&quot;:1440131992017,&quot;applyBackgroundUpdates&quot;:1,&quot;bootstrap&quot;:false,&quot;size&quot;:33903,&quot;sourceURI&quot;:null,&quot;releaseNotesURI&quot;:null,&quot;softDisabled&quot;:false,&quot;foreignInstall&quot;:true,&quot;hasBinaryComponents&quot;:false,&quot;strictCompatibility&quot;:false,&quot;locales&quot;:[],&quot;targetApplications&quot;:[{&quot;id&quot;:&quot;{ec8030f7-c20a-464f-9b0e-13a3a9e97384}&quot;,&quot;minVersion&quot;:&quot;4.0&quot;,&quot;maxVersion&quot;:&quot;42.*&quot;}],&quot;targetPlatforms&quot;:[],&quot;multiprocessCompatible&quot;:false,&quot;signedState&quot;:0}
1454658710974	DeferredSave.extensions.json	DEBUG	Save changes
1454658710974	addons.xpi	DEBUG	Updating database with changes to installed add-ons
1454658710974	addons.xpi-utils	DEBUG	Updating add-on states
1454658710976	addons.xpi-utils	DEBUG	Writing add-ons list
1454658710990	addons.manager	DEBUG	Registering shutdown blocker for XPIProvider
1454658710990	addons.manager	DEBUG	Provider finished startup: XPIProvider
1454658710990	addons.manager	DEBUG	Starting provider: LightweightThemeManager
1454658710990	addons.manager	DEBUG	Registering shutdown blocker for LightweightThemeManager
1454658710991	addons.manager	DEBUG	Provider finished startup: LightweightThemeManager
1454658710991	addons.manager	DEBUG	Starting provider: GMPProvider
1454658711000	addons.manager	DEBUG	Registering shutdown blocker for GMPProvider
1454658711000	addons.manager	DEBUG	Provider finished startup: GMPProvider
1454658711000	addons.manager	DEBUG	Starting provider: PluginProvider
1454658711000	addons.manager	DEBUG	Registering shutdown blocker for PluginProvider
1454658711001	addons.manager	DEBUG	Provider finished startup: PluginProvider
1454658711001	addons.manager	DEBUG	Completed startup sequence
1454658711400	addons.manager	DEBUG	Starting provider: &lt;unnamed-provider&gt;
1454658711400	addons.manager	DEBUG	Registering shutdown blocker for &lt;unnamed-provider&gt;
1454658711400	addons.manager	DEBUG	Provider finished startup: &lt;unnamed-provider&gt;
1454658711593	DeferredSave.extensions.json	DEBUG	Starting write
1454658711901	addons.repository	DEBUG	No addons.json found.
1454658711901	DeferredSave.addons.json	DEBUG	Save changes
1454658711905	DeferredSave.addons.json	DEBUG	Starting timer
1454658711923	addons.manager	DEBUG	Starting provider: PreviousExperimentProvider
1454658711923	addons.manager	DEBUG	Registering shutdown blocker for PreviousExperimentProvider
1454658711924	addons.manager	DEBUG	Provider finished startup: PreviousExperimentProvider
1454658711929	DeferredSave.extensions.json	DEBUG	Write succeeded
1454658711931	addons.xpi-utils	DEBUG	XPI Database saved, setting schema version preference to 17
1454658711964	DeferredSave.addons.json	DEBUG	Starting write
1454658712007	DeferredSave.addons.json	DEBUG	Write succeeded

Build info: version: &#039;2.47.1&#039;, revision: &#039;411b314&#039;, time: &#039;2015-07-30 02:56:46&#039;
System info: host: &#039;wqa-test-PC&#039;, ip: &#039;192.168.0.13&#039;, os.name: &#039;Windows 10&#039;, os.arch: &#039;amd64&#039;, os.version: &#039;10.0&#039;, java.version: &#039;1.8.0_66&#039;
Driver info: driver.version: FirefoxDriver">
      <![CDATA[org.openqa.selenium.WebDriverException: Failed to connect to binary FirefoxBinary(C:\Program Files (x86)\Mozilla Firefox\firefox.exe) on port 7055; process output follows: 
 Contributors"]},"visible":true,"active":true,"userDisabled":false,"appDisabled":false,"descriptor":"C:\\Program Files (x86)\\Mozilla Firefox\\browser\\extensions\\{972ce4c6-7e08-4474-a285-3208198ce6fd}","installDate":1454649944088,"updateDate":1454649944088,"applyBackgroundUpdates":1,"skinnable":true,"size":24166,"sourceURI":null,"releaseNotesURI":null,"softDisabled":false,"foreignInstall":false,"hasBinaryComponents":false,"strictCompatibility":true,"locales":[],"targetApplications":[{"id":"{ec8030f7-c20a-464f-9b0e-13a3a9e97384}","minVersion":"44.0","maxVersion":"44.0"}],"targetPlatforms":[]}
1454658710972	addons.xpi	DEBUG	getModTime: Recursive scan of {972ce4c6-7e08-4474-a285-3208198ce6fd}
1454658710974	addons.xpi	DEBUG	Updating XPIState for {"id":"fiddlerhook@fiddler2.com","syncGUID":"BWaeiwLnTK4J","location":"winreg-app-global","version":"2.5.1.8","type":"extension","internalName":null,"updateURL":null,"updateKey":null,"optionsURL":null,"optionsType":null,"aboutURL":"chrome://fiddlerhook/content/about.xul","icons":{},"iconURL":"chrome://fiddlerhook/content/fiddlerhook.png","icon64URL":null,"defaultLocale":{"name":"FiddlerHook","description":"Integrate Fiddler into Firefox","creator":"Telerik","homepageURL":"https://fiddler2.com/r/?FIDDLERHOOKHELP"},"visible":true,"active":false,"userDisabled":true,"appDisabled":true,"descriptor":"C:\\Program Files (x86)\\Fiddler2\\FiddlerHook","installDate":1440131992017,"updateDate":1440131992017,"applyBackgroundUpdates":1,"bootstrap":false,"size":33903,"sourceURI":null,"releaseNotesURI":null,"softDisabled":false,"foreignInstall":true,"hasBinaryComponents":false,"strictCompatibility":false,"locales":[],"targetApplications":[{"id":"{ec8030f7-c20a-464f-9b0e-13a3a9e97384}","minVersion":"4.0","maxVersion":"42.*"}],"targetPlatforms":[],"multiprocessCompatible":false,"signedState":0}
1454658710974	DeferredSave.extensions.json	DEBUG	Save changes
1454658710974	addons.xpi	DEBUG	Updating database with changes to installed add-ons
1454658710974	addons.xpi-utils	DEBUG	Updating add-on states
1454658710976	addons.xpi-utils	DEBUG	Writing add-ons list
1454658710990	addons.manager	DEBUG	Registering shutdown blocker for XPIProvider
1454658710990	addons.manager	DEBUG	Provider finished startup: XPIProvider
1454658710990	addons.manager	DEBUG	Starting provider: LightweightThemeManager
1454658710990	addons.manager	DEBUG	Registering shutdown blocker for LightweightThemeManager
1454658710991	addons.manager	DEBUG	Provider finished startup: LightweightThemeManager
1454658710991	addons.manager	DEBUG	Starting provider: GMPProvider
1454658711000	addons.manager	DEBUG	Registering shutdown blocker for GMPProvider
1454658711000	addons.manager	DEBUG	Provider finished startup: GMPProvider
1454658711000	addons.manager	DEBUG	Starting provider: PluginProvider
1454658711000	addons.manager	DEBUG	Registering shutdown blocker for PluginProvider
1454658711001	addons.manager	DEBUG	Provider finished startup: PluginProvider
1454658711001	addons.manager	DEBUG	Completed startup sequence
1454658711400	addons.manager	DEBUG	Starting provider: <unnamed-provider>
1454658711400	addons.manager	DEBUG	Registering shutdown blocker for <unnamed-provider>
1454658711400	addons.manager	DEBUG	Provider finished startup: <unnamed-provider>
1454658711593	DeferredSave.extensions.json	DEBUG	Starting write
1454658711901	addons.repository	DEBUG	No addons.json found.
1454658711901	DeferredSave.addons.json	DEBUG	Save changes
1454658711905	DeferredSave.addons.json	DEBUG	Starting timer
1454658711923	addons.manager	DEBUG	Starting provider: PreviousExperimentProvider
1454658711923	addons.manager	DEBUG	Registering shutdown blocker for PreviousExperimentProvider
1454658711924	addons.manager	DEBUG	Provider finished startup: PreviousExperimentProvider
1454658711929	DeferredSave.extensions.json	DEBUG	Write succeeded
1454658711931	addons.xpi-utils	DEBUG	XPI Database saved, setting schema version preference to 17
1454658711964	DeferredSave.addons.json	DEBUG	Starting write
1454658712007	DeferredSave.addons.json	DEBUG	Write succeeded

Build info: version: '2.47.1', revision: '411b314', time: '2015-07-30 02:56:46'
System info: host: 'wqa-test-PC', ip: '192.168.0.13', os.name: 'Windows 10', os.arch: 'amd64', os.version: '10.0', java.version: '1.8.0_66'
Driver info: driver.version: FirefoxDriver
	at org.openqa.selenium.firefox.internal.NewProfileExtensionConnection.start(NewProfileExtensionConnection.java:134)
	at org.openqa.selenium.firefox.FirefoxDriver.startClient(FirefoxDriver.java:276)
	at org.openqa.selenium.remote.RemoteWebDriver.<init>(RemoteWebDriver.java:116)
	at org.openqa.selenium.firefox.FirefoxDriver.<init>(FirefoxDriver.java:223)
	at org.openqa.selenium.firefox.FirefoxDriver.<init>(FirefoxDriver.java:216)
	at org.openqa.selenium.firefox.FirefoxDriver.<init>(FirefoxDriver.java:134)
	at utlilities.TestBase.getWebDriver(TestBase.java:95)
	at utlilities.TestBase.initBeforeMethod(TestBase.java:50)
	at tests.acceptanceTestCases.TestHomePage.setUp(TestHomePage.java:28)
	at sun.reflect.NativeMethodAccessorImpl.invoke0(Native Method)
	at sun.reflect.NativeMethodAccessorImpl.invoke(Unknown Source)
	at sun.reflect.DelegatingMethodAccessorImpl.invoke(Unknown Source)
	at java.lang.reflect.Method.invoke(Unknown Source)
	at org.testng.internal.MethodInvocationHelper.invokeMethod(MethodInvocationHelper.java:85)
	at org.testng.internal.Invoker.invokeConfigurationMethod(Invoker.java:510)
	at org.testng.internal.Invoker.invokeConfigurations(Invoker.java:211)
	at org.testng.internal.Invoker.invokeMethod(Invoker.java:585)
	at org.testng.internal.Invoker.invokeTestMethod(Invoker.java:816)
	at org.testng.internal.Invoker.invokeTestMethods(Invoker.java:1124)
	at org.testng.internal.TestMethodWorker.invokeTestMethods(TestMethodWorker.java:125)
	at org.testng.internal.TestMethodWorker.run(TestMethodWorker.java:108)
	at java.util.concurrent.ThreadPoolExecutor.runWorker(Unknown Source)
	at java.util.concurrent.ThreadPoolExecutor$Worker.run(Unknown Source)
	at java.lang.Thread.run(Unknown Source)
Caused by: org.openqa.selenium.firefox.NotConnectedException: Unable to connect to host 127.0.0.1 on port 7055 after 45000 ms. Firefox console output:
 Contributors"]},"visible":true,"active":true,"userDisabled":false,"appDisabled":false,"descriptor":"C:\\Program Files (x86)\\Mozilla Firefox\\browser\\extensions\\{972ce4c6-7e08-4474-a285-3208198ce6fd}","installDate":1454649944088,"updateDate":1454649944088,"applyBackgroundUpdates":1,"skinnable":true,"size":24166,"sourceURI":null,"releaseNotesURI":null,"softDisabled":false,"foreignInstall":false,"hasBinaryComponents":false,"strictCompatibility":true,"locales":[],"targetApplications":[{"id":"{ec8030f7-c20a-464f-9b0e-13a3a9e97384}","minVersion":"44.0","maxVersion":"44.0"}],"targetPlatforms":[]}
1454658710972	addons.xpi	DEBUG	getModTime: Recursive scan of {972ce4c6-7e08-4474-a285-3208198ce6fd}
1454658710974	addons.xpi	DEBUG	Updating XPIState for {"id":"fiddlerhook@fiddler2.com","syncGUID":"BWaeiwLnTK4J","location":"winreg-app-global","version":"2.5.1.8","type":"extension","internalName":null,"updateURL":null,"updateKey":null,"optionsURL":null,"optionsType":null,"aboutURL":"chrome://fiddlerhook/content/about.xul","icons":{},"iconURL":"chrome://fiddlerhook/content/fiddlerhook.png","icon64URL":null,"defaultLocale":{"name":"FiddlerHook","description":"Integrate Fiddler into Firefox","creator":"Telerik","homepageURL":"https://fiddler2.com/r/?FIDDLERHOOKHELP"},"visible":true,"active":false,"userDisabled":true,"appDisabled":true,"descriptor":"C:\\Program Files (x86)\\Fiddler2\\FiddlerHook","installDate":1440131992017,"updateDate":1440131992017,"applyBackgroundUpdates":1,"bootstrap":false,"size":33903,"sourceURI":null,"releaseNotesURI":null,"softDisabled":false,"foreignInstall":true,"hasBinaryComponents":false,"strictCompatibility":false,"locales":[],"targetApplications":[{"id":"{ec8030f7-c20a-464f-9b0e-13a3a9e97384}","minVersion":"4.0","maxVersion":"42.*"}],"targetPlatforms":[],"multiprocessCompatible":false,"signedState":0}
1454658710974	DeferredSave.extensions.json	DEBUG	Save changes
1454658710974	addons.xpi	DEBUG	Updating database with changes to installed add-ons
1454658710974	addons.xpi-utils	DEBUG	Updating add-on states
1454658710976	addons.xpi-utils	DEBUG	Writing add-ons list
1454658710990	addons.manager	DEBUG	Registering shutdown blocker for XPIProvider
1454658710990	addons.manager	DEBUG	Provider finished startup: XPIProvider
1454658710990	addons.manager	DEBUG	Starting provider: LightweightThemeManager
1454658710990	addons.manager	DEBUG	Registering shutdown blocker for LightweightThemeManager
1454658710991	addons.manager	DEBUG	Provider finished startup: LightweightThemeManager
1454658710991	addons.manager	DEBUG	Starting provider: GMPProvider
1454658711000	addons.manager	DEBUG	Registering shutdown blocker for GMPProvider
1454658711000	addons.manager	DEBUG	Provider finished startup: GMPProvider
1454658711000	addons.manager	DEBUG	Starting provider: PluginProvider
1454658711000	addons.manager	DEBUG	Registering shutdown blocker for PluginProvider
1454658711001	addons.manager	DEBUG	Provider finished startup: PluginProvider
1454658711001	addons.manager	DEBUG	Completed startup sequence
1454658711400	addons.manager	DEBUG	Starting provider: <unnamed-provider>
1454658711400	addons.manager	DEBUG	Registering shutdown blocker for <unnamed-provider>
1454658711400	addons.manager	DEBUG	Provider finished startup: <unnamed-provider>
1454658711593	DeferredSave.extensions.json	DEBUG	Starting write
1454658711901	addons.repository	DEBUG	No addons.json found.
1454658711901	DeferredSave.addons.json	DEBUG	Save changes
1454658711905	DeferredSave.addons.json	DEBUG	Starting timer
1454658711923	addons.manager	DEBUG	Starting provider: PreviousExperimentProvider
1454658711923	addons.manager	DEBUG	Registering shutdown blocker for PreviousExperimentProvider
1454658711924	addons.manager	DEBUG	Provider finished startup: PreviousExperimentProvider
1454658711929	DeferredSave.extensions.json	DEBUG	Write succeeded
1454658711931	addons.xpi-utils	DEBUG	XPI Database saved, setting schema version preference to 17
1454658711964	DeferredSave.addons.json	DEBUG	Starting write
1454658712007	DeferredSave.addons.json	DEBUG	Write succeeded

	at org.openqa.selenium.firefox.internal.NewProfileExtensionConnection.start(NewProfileExtensionConnection.java:122)
	... 23 more
]]>
    </error>
  </testcase> <!-- testAllBooksWithMaximumAvailableBooksFromWY -->
  <testcase name="testAllBooksWithMinimumAvailableBooksFromTX" time="0.000" classname="tests.acceptanceTestCases.TestHomePage">
    <error type="org.openqa.selenium.WebDriverException" message="Failed to connect to binary FirefoxBinary(C:\Program Files (x86)\Mozilla Firefox\firefox.exe) on port 7055; process output follows: 
 Contributors&quot;]},&quot;visible&quot;:true,&quot;active&quot;:true,&quot;userDisabled&quot;:false,&quot;appDisabled&quot;:false,&quot;descriptor&quot;:&quot;C:\\Program Files (x86)\\Mozilla Firefox\\browser\\extensions\\{972ce4c6-7e08-4474-a285-3208198ce6fd}&quot;,&quot;installDate&quot;:1454649944088,&quot;updateDate&quot;:1454649944088,&quot;applyBackgroundUpdates&quot;:1,&quot;skinnable&quot;:true,&quot;size&quot;:24166,&quot;sourceURI&quot;:null,&quot;releaseNotesURI&quot;:null,&quot;softDisabled&quot;:false,&quot;foreignInstall&quot;:false,&quot;hasBinaryComponents&quot;:false,&quot;strictCompatibility&quot;:true,&quot;locales&quot;:[],&quot;targetApplications&quot;:[{&quot;id&quot;:&quot;{ec8030f7-c20a-464f-9b0e-13a3a9e97384}&quot;,&quot;minVersion&quot;:&quot;44.0&quot;,&quot;maxVersion&quot;:&quot;44.0&quot;}],&quot;targetPlatforms&quot;:[]}
1454658710972	addons.xpi	DEBUG	getModTime: Recursive scan of {972ce4c6-7e08-4474-a285-3208198ce6fd}
1454658710974	addons.xpi	DEBUG	Updating XPIState for {&quot;id&quot;:&quot;fiddlerhook@fiddler2.com&quot;,&quot;syncGUID&quot;:&quot;BWaeiwLnTK4J&quot;,&quot;location&quot;:&quot;winreg-app-global&quot;,&quot;version&quot;:&quot;2.5.1.8&quot;,&quot;type&quot;:&quot;extension&quot;,&quot;internalName&quot;:null,&quot;updateURL&quot;:null,&quot;updateKey&quot;:null,&quot;optionsURL&quot;:null,&quot;optionsType&quot;:null,&quot;aboutURL&quot;:&quot;chrome://fiddlerhook/content/about.xul&quot;,&quot;icons&quot;:{},&quot;iconURL&quot;:&quot;chrome://fiddlerhook/content/fiddlerhook.png&quot;,&quot;icon64URL&quot;:null,&quot;defaultLocale&quot;:{&quot;name&quot;:&quot;FiddlerHook&quot;,&quot;description&quot;:&quot;Integrate Fiddler into Firefox&quot;,&quot;creator&quot;:&quot;Telerik&quot;,&quot;homepageURL&quot;:&quot;https://fiddler2.com/r/?FIDDLERHOOKHELP&quot;},&quot;visible&quot;:true,&quot;active&quot;:false,&quot;userDisabled&quot;:true,&quot;appDisabled&quot;:true,&quot;descriptor&quot;:&quot;C:\\Program Files (x86)\\Fiddler2\\FiddlerHook&quot;,&quot;installDate&quot;:1440131992017,&quot;updateDate&quot;:1440131992017,&quot;applyBackgroundUpdates&quot;:1,&quot;bootstrap&quot;:false,&quot;size&quot;:33903,&quot;sourceURI&quot;:null,&quot;releaseNotesURI&quot;:null,&quot;softDisabled&quot;:false,&quot;foreignInstall&quot;:true,&quot;hasBinaryComponents&quot;:false,&quot;strictCompatibility&quot;:false,&quot;locales&quot;:[],&quot;targetApplications&quot;:[{&quot;id&quot;:&quot;{ec8030f7-c20a-464f-9b0e-13a3a9e97384}&quot;,&quot;minVersion&quot;:&quot;4.0&quot;,&quot;maxVersion&quot;:&quot;42.*&quot;}],&quot;targetPlatforms&quot;:[],&quot;multiprocessCompatible&quot;:false,&quot;signedState&quot;:0}
1454658710974	DeferredSave.extensions.json	DEBUG	Save changes
1454658710974	addons.xpi	DEBUG	Updating database with changes to installed add-ons
1454658710974	addons.xpi-utils	DEBUG	Updating add-on states
1454658710976	addons.xpi-utils	DEBUG	Writing add-ons list
1454658710990	addons.manager	DEBUG	Registering shutdown blocker for XPIProvider
1454658710990	addons.manager	DEBUG	Provider finished startup: XPIProvider
1454658710990	addons.manager	DEBUG	Starting provider: LightweightThemeManager
1454658710990	addons.manager	DEBUG	Registering shutdown blocker for LightweightThemeManager
1454658710991	addons.manager	DEBUG	Provider finished startup: LightweightThemeManager
1454658710991	addons.manager	DEBUG	Starting provider: GMPProvider
1454658711000	addons.manager	DEBUG	Registering shutdown blocker for GMPProvider
1454658711000	addons.manager	DEBUG	Provider finished startup: GMPProvider
1454658711000	addons.manager	DEBUG	Starting provider: PluginProvider
1454658711000	addons.manager	DEBUG	Registering shutdown blocker for PluginProvider
1454658711001	addons.manager	DEBUG	Provider finished startup: PluginProvider
1454658711001	addons.manager	DEBUG	Completed startup sequence
1454658711400	addons.manager	DEBUG	Starting provider: &lt;unnamed-provider&gt;
1454658711400	addons.manager	DEBUG	Registering shutdown blocker for &lt;unnamed-provider&gt;
1454658711400	addons.manager	DEBUG	Provider finished startup: &lt;unnamed-provider&gt;
1454658711593	DeferredSave.extensions.json	DEBUG	Starting write
1454658711901	addons.repository	DEBUG	No addons.json found.
1454658711901	DeferredSave.addons.json	DEBUG	Save changes
1454658711905	DeferredSave.addons.json	DEBUG	Starting timer
1454658711923	addons.manager	DEBUG	Starting provider: PreviousExperimentProvider
1454658711923	addons.manager	DEBUG	Registering shutdown blocker for PreviousExperimentProvider
1454658711924	addons.manager	DEBUG	Provider finished startup: PreviousExperimentProvider
1454658711929	DeferredSave.extensions.json	DEBUG	Write succeeded
1454658711931	addons.xpi-utils	DEBUG	XPI Database saved, setting schema version preference to 17
1454658711964	DeferredSave.addons.json	DEBUG	Starting write
1454658712007	DeferredSave.addons.json	DEBUG	Write succeeded

Build info: version: &#039;2.47.1&#039;, revision: &#039;411b314&#039;, time: &#039;2015-07-30 02:56:46&#039;
System info: host: &#039;wqa-test-PC&#039;, ip: &#039;192.168.0.13&#039;, os.name: &#039;Windows 10&#039;, os.arch: &#039;amd64&#039;, os.version: &#039;10.0&#039;, java.version: &#039;1.8.0_66&#039;
Driver info: driver.version: FirefoxDriver">
      <![CDATA[org.openqa.selenium.WebDriverException: Failed to connect to binary FirefoxBinary(C:\Program Files (x86)\Mozilla Firefox\firefox.exe) on port 7055; process output follows: 
 Contributors"]},"visible":true,"active":true,"userDisabled":false,"appDisabled":false,"descriptor":"C:\\Program Files (x86)\\Mozilla Firefox\\browser\\extensions\\{972ce4c6-7e08-4474-a285-3208198ce6fd}","installDate":1454649944088,"updateDate":1454649944088,"applyBackgroundUpdates":1,"skinnable":true,"size":24166,"sourceURI":null,"releaseNotesURI":null,"softDisabled":false,"foreignInstall":false,"hasBinaryComponents":false,"strictCompatibility":true,"locales":[],"targetApplications":[{"id":"{ec8030f7-c20a-464f-9b0e-13a3a9e97384}","minVersion":"44.0","maxVersion":"44.0"}],"targetPlatforms":[]}
1454658710972	addons.xpi	DEBUG	getModTime: Recursive scan of {972ce4c6-7e08-4474-a285-3208198ce6fd}
1454658710974	addons.xpi	DEBUG	Updating XPIState for {"id":"fiddlerhook@fiddler2.com","syncGUID":"BWaeiwLnTK4J","location":"winreg-app-global","version":"2.5.1.8","type":"extension","internalName":null,"updateURL":null,"updateKey":null,"optionsURL":null,"optionsType":null,"aboutURL":"chrome://fiddlerhook/content/about.xul","icons":{},"iconURL":"chrome://fiddlerhook/content/fiddlerhook.png","icon64URL":null,"defaultLocale":{"name":"FiddlerHook","description":"Integrate Fiddler into Firefox","creator":"Telerik","homepageURL":"https://fiddler2.com/r/?FIDDLERHOOKHELP"},"visible":true,"active":false,"userDisabled":true,"appDisabled":true,"descriptor":"C:\\Program Files (x86)\\Fiddler2\\FiddlerHook","installDate":1440131992017,"updateDate":1440131992017,"applyBackgroundUpdates":1,"bootstrap":false,"size":33903,"sourceURI":null,"releaseNotesURI":null,"softDisabled":false,"foreignInstall":true,"hasBinaryComponents":false,"strictCompatibility":false,"locales":[],"targetApplications":[{"id":"{ec8030f7-c20a-464f-9b0e-13a3a9e97384}","minVersion":"4.0","maxVersion":"42.*"}],"targetPlatforms":[],"multiprocessCompatible":false,"signedState":0}
1454658710974	DeferredSave.extensions.json	DEBUG	Save changes
1454658710974	addons.xpi	DEBUG	Updating database with changes to installed add-ons
1454658710974	addons.xpi-utils	DEBUG	Updating add-on states
1454658710976	addons.xpi-utils	DEBUG	Writing add-ons list
1454658710990	addons.manager	DEBUG	Registering shutdown blocker for XPIProvider
1454658710990	addons.manager	DEBUG	Provider finished startup: XPIProvider
1454658710990	addons.manager	DEBUG	Starting provider: LightweightThemeManager
1454658710990	addons.manager	DEBUG	Registering shutdown blocker for LightweightThemeManager
1454658710991	addons.manager	DEBUG	Provider finished startup: LightweightThemeManager
1454658710991	addons.manager	DEBUG	Starting provider: GMPProvider
1454658711000	addons.manager	DEBUG	Registering shutdown blocker for GMPProvider
1454658711000	addons.manager	DEBUG	Provider finished startup: GMPProvider
1454658711000	addons.manager	DEBUG	Starting provider: PluginProvider
1454658711000	addons.manager	DEBUG	Registering shutdown blocker for PluginProvider
1454658711001	addons.manager	DEBUG	Provider finished startup: PluginProvider
1454658711001	addons.manager	DEBUG	Completed startup sequence
1454658711400	addons.manager	DEBUG	Starting provider: <unnamed-provider>
1454658711400	addons.manager	DEBUG	Registering shutdown blocker for <unnamed-provider>
1454658711400	addons.manager	DEBUG	Provider finished startup: <unnamed-provider>
1454658711593	DeferredSave.extensions.json	DEBUG	Starting write
1454658711901	addons.repository	DEBUG	No addons.json found.
1454658711901	DeferredSave.addons.json	DEBUG	Save changes
1454658711905	DeferredSave.addons.json	DEBUG	Starting timer
1454658711923	addons.manager	DEBUG	Starting provider: PreviousExperimentProvider
1454658711923	addons.manager	DEBUG	Registering shutdown blocker for PreviousExperimentProvider
1454658711924	addons.manager	DEBUG	Provider finished startup: PreviousExperimentProvider
1454658711929	DeferredSave.extensions.json	DEBUG	Write succeeded
1454658711931	addons.xpi-utils	DEBUG	XPI Database saved, setting schema version preference to 17
1454658711964	DeferredSave.addons.json	DEBUG	Starting write
1454658712007	DeferredSave.addons.json	DEBUG	Write succeeded

Build info: version: '2.47.1', revision: '411b314', time: '2015-07-30 02:56:46'
System info: host: 'wqa-test-PC', ip: '192.168.0.13', os.name: 'Windows 10', os.arch: 'amd64', os.version: '10.0', java.version: '1.8.0_66'
Driver info: driver.version: FirefoxDriver
	at org.openqa.selenium.firefox.internal.NewProfileExtensionConnection.start(NewProfileExtensionConnection.java:134)
	at org.openqa.selenium.firefox.FirefoxDriver.startClient(FirefoxDriver.java:276)
	at org.openqa.selenium.remote.RemoteWebDriver.<init>(RemoteWebDriver.java:116)
	at org.openqa.selenium.firefox.FirefoxDriver.<init>(FirefoxDriver.java:223)
	at org.openqa.selenium.firefox.FirefoxDriver.<init>(FirefoxDriver.java:216)
	at org.openqa.selenium.firefox.FirefoxDriver.<init>(FirefoxDriver.java:134)
	at utlilities.TestBase.getWebDriver(TestBase.java:95)
	at utlilities.TestBase.initBeforeMethod(TestBase.java:50)
	at tests.acceptanceTestCases.TestHomePage.setUp(TestHomePage.java:28)
	at sun.reflect.NativeMethodAccessorImpl.invoke0(Native Method)
	at sun.reflect.NativeMethodAccessorImpl.invoke(Unknown Source)
	at sun.reflect.DelegatingMethodAccessorImpl.invoke(Unknown Source)
	at java.lang.reflect.Method.invoke(Unknown Source)
	at org.testng.internal.MethodInvocationHelper.invokeMethod(MethodInvocationHelper.java:85)
	at org.testng.internal.Invoker.invokeConfigurationMethod(Invoker.java:510)
	at org.testng.internal.Invoker.invokeConfigurations(Invoker.java:211)
	at org.testng.internal.Invoker.invokeMethod(Invoker.java:585)
	at org.testng.internal.Invoker.invokeTestMethod(Invoker.java:816)
	at org.testng.internal.Invoker.invokeTestMethods(Invoker.java:1124)
	at org.testng.internal.TestMethodWorker.invokeTestMethods(TestMethodWorker.java:125)
	at org.testng.internal.TestMethodWorker.run(TestMethodWorker.java:108)
	at java.util.concurrent.ThreadPoolExecutor.runWorker(Unknown Source)
	at java.util.concurrent.ThreadPoolExecutor$Worker.run(Unknown Source)
	at java.lang.Thread.run(Unknown Source)
Caused by: org.openqa.selenium.firefox.NotConnectedException: Unable to connect to host 127.0.0.1 on port 7055 after 45000 ms. Firefox console output:
 Contributors"]},"visible":true,"active":true,"userDisabled":false,"appDisabled":false,"descriptor":"C:\\Program Files (x86)\\Mozilla Firefox\\browser\\extensions\\{972ce4c6-7e08-4474-a285-3208198ce6fd}","installDate":1454649944088,"updateDate":1454649944088,"applyBackgroundUpdates":1,"skinnable":true,"size":24166,"sourceURI":null,"releaseNotesURI":null,"softDisabled":false,"foreignInstall":false,"hasBinaryComponents":false,"strictCompatibility":true,"locales":[],"targetApplications":[{"id":"{ec8030f7-c20a-464f-9b0e-13a3a9e97384}","minVersion":"44.0","maxVersion":"44.0"}],"targetPlatforms":[]}
1454658710972	addons.xpi	DEBUG	getModTime: Recursive scan of {972ce4c6-7e08-4474-a285-3208198ce6fd}
1454658710974	addons.xpi	DEBUG	Updating XPIState for {"id":"fiddlerhook@fiddler2.com","syncGUID":"BWaeiwLnTK4J","location":"winreg-app-global","version":"2.5.1.8","type":"extension","internalName":null,"updateURL":null,"updateKey":null,"optionsURL":null,"optionsType":null,"aboutURL":"chrome://fiddlerhook/content/about.xul","icons":{},"iconURL":"chrome://fiddlerhook/content/fiddlerhook.png","icon64URL":null,"defaultLocale":{"name":"FiddlerHook","description":"Integrate Fiddler into Firefox","creator":"Telerik","homepageURL":"https://fiddler2.com/r/?FIDDLERHOOKHELP"},"visible":true,"active":false,"userDisabled":true,"appDisabled":true,"descriptor":"C:\\Program Files (x86)\\Fiddler2\\FiddlerHook","installDate":1440131992017,"updateDate":1440131992017,"applyBackgroundUpdates":1,"bootstrap":false,"size":33903,"sourceURI":null,"releaseNotesURI":null,"softDisabled":false,"foreignInstall":true,"hasBinaryComponents":false,"strictCompatibility":false,"locales":[],"targetApplications":[{"id":"{ec8030f7-c20a-464f-9b0e-13a3a9e97384}","minVersion":"4.0","maxVersion":"42.*"}],"targetPlatforms":[],"multiprocessCompatible":false,"signedState":0}
1454658710974	DeferredSave.extensions.json	DEBUG	Save changes
1454658710974	addons.xpi	DEBUG	Updating database with changes to installed add-ons
1454658710974	addons.xpi-utils	DEBUG	Updating add-on states
1454658710976	addons.xpi-utils	DEBUG	Writing add-ons list
1454658710990	addons.manager	DEBUG	Registering shutdown blocker for XPIProvider
1454658710990	addons.manager	DEBUG	Provider finished startup: XPIProvider
1454658710990	addons.manager	DEBUG	Starting provider: LightweightThemeManager
1454658710990	addons.manager	DEBUG	Registering shutdown blocker for LightweightThemeManager
1454658710991	addons.manager	DEBUG	Provider finished startup: LightweightThemeManager
1454658710991	addons.manager	DEBUG	Starting provider: GMPProvider
1454658711000	addons.manager	DEBUG	Registering shutdown blocker for GMPProvider
1454658711000	addons.manager	DEBUG	Provider finished startup: GMPProvider
1454658711000	addons.manager	DEBUG	Starting provider: PluginProvider
1454658711000	addons.manager	DEBUG	Registering shutdown blocker for PluginProvider
1454658711001	addons.manager	DEBUG	Provider finished startup: PluginProvider
1454658711001	addons.manager	DEBUG	Completed startup sequence
1454658711400	addons.manager	DEBUG	Starting provider: <unnamed-provider>
1454658711400	addons.manager	DEBUG	Registering shutdown blocker for <unnamed-provider>
1454658711400	addons.manager	DEBUG	Provider finished startup: <unnamed-provider>
1454658711593	DeferredSave.extensions.json	DEBUG	Starting write
1454658711901	addons.repository	DEBUG	No addons.json found.
1454658711901	DeferredSave.addons.json	DEBUG	Save changes
1454658711905	DeferredSave.addons.json	DEBUG	Starting timer
1454658711923	addons.manager	DEBUG	Starting provider: PreviousExperimentProvider
1454658711923	addons.manager	DEBUG	Registering shutdown blocker for PreviousExperimentProvider
1454658711924	addons.manager	DEBUG	Provider finished startup: PreviousExperimentProvider
1454658711929	DeferredSave.extensions.json	DEBUG	Write succeeded
1454658711931	addons.xpi-utils	DEBUG	XPI Database saved, setting schema version preference to 17
1454658711964	DeferredSave.addons.json	DEBUG	Starting write
1454658712007	DeferredSave.addons.json	DEBUG	Write succeeded

	at org.openqa.selenium.firefox.internal.NewProfileExtensionConnection.start(NewProfileExtensionConnection.java:122)
	... 23 more
]]>
    </error>
  </testcase> <!-- testAllBooksWithMinimumAvailableBooksFromTX -->
  <testcase name="testElephantFromMN" time="0.001" classname="tests.acceptanceTestCases.TestHomePage">
    <error type="org.openqa.selenium.WebDriverException" message="Failed to connect to binary FirefoxBinary(C:\Program Files (x86)\Mozilla Firefox\firefox.exe) on port 7055; process output follows: 
 Contributors&quot;]},&quot;visible&quot;:true,&quot;active&quot;:true,&quot;userDisabled&quot;:false,&quot;appDisabled&quot;:false,&quot;descriptor&quot;:&quot;C:\\Program Files (x86)\\Mozilla Firefox\\browser\\extensions\\{972ce4c6-7e08-4474-a285-3208198ce6fd}&quot;,&quot;installDate&quot;:1454649944088,&quot;updateDate&quot;:1454649944088,&quot;applyBackgroundUpdates&quot;:1,&quot;skinnable&quot;:true,&quot;size&quot;:24166,&quot;sourceURI&quot;:null,&quot;releaseNotesURI&quot;:null,&quot;softDisabled&quot;:false,&quot;foreignInstall&quot;:false,&quot;hasBinaryComponents&quot;:false,&quot;strictCompatibility&quot;:true,&quot;locales&quot;:[],&quot;targetApplications&quot;:[{&quot;id&quot;:&quot;{ec8030f7-c20a-464f-9b0e-13a3a9e97384}&quot;,&quot;minVersion&quot;:&quot;44.0&quot;,&quot;maxVersion&quot;:&quot;44.0&quot;}],&quot;targetPlatforms&quot;:[]}
1454658710972	addons.xpi	DEBUG	getModTime: Recursive scan of {972ce4c6-7e08-4474-a285-3208198ce6fd}
1454658710974	addons.xpi	DEBUG	Updating XPIState for {&quot;id&quot;:&quot;fiddlerhook@fiddler2.com&quot;,&quot;syncGUID&quot;:&quot;BWaeiwLnTK4J&quot;,&quot;location&quot;:&quot;winreg-app-global&quot;,&quot;version&quot;:&quot;2.5.1.8&quot;,&quot;type&quot;:&quot;extension&quot;,&quot;internalName&quot;:null,&quot;updateURL&quot;:null,&quot;updateKey&quot;:null,&quot;optionsURL&quot;:null,&quot;optionsType&quot;:null,&quot;aboutURL&quot;:&quot;chrome://fiddlerhook/content/about.xul&quot;,&quot;icons&quot;:{},&quot;iconURL&quot;:&quot;chrome://fiddlerhook/content/fiddlerhook.png&quot;,&quot;icon64URL&quot;:null,&quot;defaultLocale&quot;:{&quot;name&quot;:&quot;FiddlerHook&quot;,&quot;description&quot;:&quot;Integrate Fiddler into Firefox&quot;,&quot;creator&quot;:&quot;Telerik&quot;,&quot;homepageURL&quot;:&quot;https://fiddler2.com/r/?FIDDLERHOOKHELP&quot;},&quot;visible&quot;:true,&quot;active&quot;:false,&quot;userDisabled&quot;:true,&quot;appDisabled&quot;:true,&quot;descriptor&quot;:&quot;C:\\Program Files (x86)\\Fiddler2\\FiddlerHook&quot;,&quot;installDate&quot;:1440131992017,&quot;updateDate&quot;:1440131992017,&quot;applyBackgroundUpdates&quot;:1,&quot;bootstrap&quot;:false,&quot;size&quot;:33903,&quot;sourceURI&quot;:null,&quot;releaseNotesURI&quot;:null,&quot;softDisabled&quot;:false,&quot;foreignInstall&quot;:true,&quot;hasBinaryComponents&quot;:false,&quot;strictCompatibility&quot;:false,&quot;locales&quot;:[],&quot;targetApplications&quot;:[{&quot;id&quot;:&quot;{ec8030f7-c20a-464f-9b0e-13a3a9e97384}&quot;,&quot;minVersion&quot;:&quot;4.0&quot;,&quot;maxVersion&quot;:&quot;42.*&quot;}],&quot;targetPlatforms&quot;:[],&quot;multiprocessCompatible&quot;:false,&quot;signedState&quot;:0}
1454658710974	DeferredSave.extensions.json	DEBUG	Save changes
1454658710974	addons.xpi	DEBUG	Updating database with changes to installed add-ons
1454658710974	addons.xpi-utils	DEBUG	Updating add-on states
1454658710976	addons.xpi-utils	DEBUG	Writing add-ons list
1454658710990	addons.manager	DEBUG	Registering shutdown blocker for XPIProvider
1454658710990	addons.manager	DEBUG	Provider finished startup: XPIProvider
1454658710990	addons.manager	DEBUG	Starting provider: LightweightThemeManager
1454658710990	addons.manager	DEBUG	Registering shutdown blocker for LightweightThemeManager
1454658710991	addons.manager	DEBUG	Provider finished startup: LightweightThemeManager
1454658710991	addons.manager	DEBUG	Starting provider: GMPProvider
1454658711000	addons.manager	DEBUG	Registering shutdown blocker for GMPProvider
1454658711000	addons.manager	DEBUG	Provider finished startup: GMPProvider
1454658711000	addons.manager	DEBUG	Starting provider: PluginProvider
1454658711000	addons.manager	DEBUG	Registering shutdown blocker for PluginProvider
1454658711001	addons.manager	DEBUG	Provider finished startup: PluginProvider
1454658711001	addons.manager	DEBUG	Completed startup sequence
1454658711400	addons.manager	DEBUG	Starting provider: &lt;unnamed-provider&gt;
1454658711400	addons.manager	DEBUG	Registering shutdown blocker for &lt;unnamed-provider&gt;
1454658711400	addons.manager	DEBUG	Provider finished startup: &lt;unnamed-provider&gt;
1454658711593	DeferredSave.extensions.json	DEBUG	Starting write
1454658711901	addons.repository	DEBUG	No addons.json found.
1454658711901	DeferredSave.addons.json	DEBUG	Save changes
1454658711905	DeferredSave.addons.json	DEBUG	Starting timer
1454658711923	addons.manager	DEBUG	Starting provider: PreviousExperimentProvider
1454658711923	addons.manager	DEBUG	Registering shutdown blocker for PreviousExperimentProvider
1454658711924	addons.manager	DEBUG	Provider finished startup: PreviousExperimentProvider
1454658711929	DeferredSave.extensions.json	DEBUG	Write succeeded
1454658711931	addons.xpi-utils	DEBUG	XPI Database saved, setting schema version preference to 17
1454658711964	DeferredSave.addons.json	DEBUG	Starting write
1454658712007	DeferredSave.addons.json	DEBUG	Write succeeded

Build info: version: &#039;2.47.1&#039;, revision: &#039;411b314&#039;, time: &#039;2015-07-30 02:56:46&#039;
System info: host: &#039;wqa-test-PC&#039;, ip: &#039;192.168.0.13&#039;, os.name: &#039;Windows 10&#039;, os.arch: &#039;amd64&#039;, os.version: &#039;10.0&#039;, java.version: &#039;1.8.0_66&#039;
Driver info: driver.version: FirefoxDriver">
      <![CDATA[org.openqa.selenium.WebDriverException: Failed to connect to binary FirefoxBinary(C:\Program Files (x86)\Mozilla Firefox\firefox.exe) on port 7055; process output follows: 
 Contributors"]},"visible":true,"active":true,"userDisabled":false,"appDisabled":false,"descriptor":"C:\\Program Files (x86)\\Mozilla Firefox\\browser\\extensions\\{972ce4c6-7e08-4474-a285-3208198ce6fd}","installDate":1454649944088,"updateDate":1454649944088,"applyBackgroundUpdates":1,"skinnable":true,"size":24166,"sourceURI":null,"releaseNotesURI":null,"softDisabled":false,"foreignInstall":false,"hasBinaryComponents":false,"strictCompatibility":true,"locales":[],"targetApplications":[{"id":"{ec8030f7-c20a-464f-9b0e-13a3a9e97384}","minVersion":"44.0","maxVersion":"44.0"}],"targetPlatforms":[]}
1454658710972	addons.xpi	DEBUG	getModTime: Recursive scan of {972ce4c6-7e08-4474-a285-3208198ce6fd}
1454658710974	addons.xpi	DEBUG	Updating XPIState for {"id":"fiddlerhook@fiddler2.com","syncGUID":"BWaeiwLnTK4J","location":"winreg-app-global","version":"2.5.1.8","type":"extension","internalName":null,"updateURL":null,"updateKey":null,"optionsURL":null,"optionsType":null,"aboutURL":"chrome://fiddlerhook/content/about.xul","icons":{},"iconURL":"chrome://fiddlerhook/content/fiddlerhook.png","icon64URL":null,"defaultLocale":{"name":"FiddlerHook","description":"Integrate Fiddler into Firefox","creator":"Telerik","homepageURL":"https://fiddler2.com/r/?FIDDLERHOOKHELP"},"visible":true,"active":false,"userDisabled":true,"appDisabled":true,"descriptor":"C:\\Program Files (x86)\\Fiddler2\\FiddlerHook","installDate":1440131992017,"updateDate":1440131992017,"applyBackgroundUpdates":1,"bootstrap":false,"size":33903,"sourceURI":null,"releaseNotesURI":null,"softDisabled":false,"foreignInstall":true,"hasBinaryComponents":false,"strictCompatibility":false,"locales":[],"targetApplications":[{"id":"{ec8030f7-c20a-464f-9b0e-13a3a9e97384}","minVersion":"4.0","maxVersion":"42.*"}],"targetPlatforms":[],"multiprocessCompatible":false,"signedState":0}
1454658710974	DeferredSave.extensions.json	DEBUG	Save changes
1454658710974	addons.xpi	DEBUG	Updating database with changes to installed add-ons
1454658710974	addons.xpi-utils	DEBUG	Updating add-on states
1454658710976	addons.xpi-utils	DEBUG	Writing add-ons list
1454658710990	addons.manager	DEBUG	Registering shutdown blocker for XPIProvider
1454658710990	addons.manager	DEBUG	Provider finished startup: XPIProvider
1454658710990	addons.manager	DEBUG	Starting provider: LightweightThemeManager
1454658710990	addons.manager	DEBUG	Registering shutdown blocker for LightweightThemeManager
1454658710991	addons.manager	DEBUG	Provider finished startup: LightweightThemeManager
1454658710991	addons.manager	DEBUG	Starting provider: GMPProvider
1454658711000	addons.manager	DEBUG	Registering shutdown blocker for GMPProvider
1454658711000	addons.manager	DEBUG	Provider finished startup: GMPProvider
1454658711000	addons.manager	DEBUG	Starting provider: PluginProvider
1454658711000	addons.manager	DEBUG	Registering shutdown blocker for PluginProvider
1454658711001	addons.manager	DEBUG	Provider finished startup: PluginProvider
1454658711001	addons.manager	DEBUG	Completed startup sequence
1454658711400	addons.manager	DEBUG	Starting provider: <unnamed-provider>
1454658711400	addons.manager	DEBUG	Registering shutdown blocker for <unnamed-provider>
1454658711400	addons.manager	DEBUG	Provider finished startup: <unnamed-provider>
1454658711593	DeferredSave.extensions.json	DEBUG	Starting write
1454658711901	addons.repository	DEBUG	No addons.json found.
1454658711901	DeferredSave.addons.json	DEBUG	Save changes
1454658711905	DeferredSave.addons.json	DEBUG	Starting timer
1454658711923	addons.manager	DEBUG	Starting provider: PreviousExperimentProvider
1454658711923	addons.manager	DEBUG	Registering shutdown blocker for PreviousExperimentProvider
1454658711924	addons.manager	DEBUG	Provider finished startup: PreviousExperimentProvider
1454658711929	DeferredSave.extensions.json	DEBUG	Write succeeded
1454658711931	addons.xpi-utils	DEBUG	XPI Database saved, setting schema version preference to 17
1454658711964	DeferredSave.addons.json	DEBUG	Starting write
1454658712007	DeferredSave.addons.json	DEBUG	Write succeeded

Build info: version: '2.47.1', revision: '411b314', time: '2015-07-30 02:56:46'
System info: host: 'wqa-test-PC', ip: '192.168.0.13', os.name: 'Windows 10', os.arch: 'amd64', os.version: '10.0', java.version: '1.8.0_66'
Driver info: driver.version: FirefoxDriver
	at org.openqa.selenium.firefox.internal.NewProfileExtensionConnection.start(NewProfileExtensionConnection.java:134)
	at org.openqa.selenium.firefox.FirefoxDriver.startClient(FirefoxDriver.java:276)
	at org.openqa.selenium.remote.RemoteWebDriver.<init>(RemoteWebDriver.java:116)
	at org.openqa.selenium.firefox.FirefoxDriver.<init>(FirefoxDriver.java:223)
	at org.openqa.selenium.firefox.FirefoxDriver.<init>(FirefoxDriver.java:216)
	at org.openqa.selenium.firefox.FirefoxDriver.<init>(FirefoxDriver.java:134)
	at utlilities.TestBase.getWebDriver(TestBase.java:95)
	at utlilities.TestBase.initBeforeMethod(TestBase.java:50)
	at tests.acceptanceTestCases.TestHomePage.setUp(TestHomePage.java:28)
	at sun.reflect.NativeMethodAccessorImpl.invoke0(Native Method)
	at sun.reflect.NativeMethodAccessorImpl.invoke(Unknown Source)
	at sun.reflect.DelegatingMethodAccessorImpl.invoke(Unknown Source)
	at java.lang.reflect.Method.invoke(Unknown Source)
	at org.testng.internal.MethodInvocationHelper.invokeMethod(MethodInvocationHelper.java:85)
	at org.testng.internal.Invoker.invokeConfigurationMethod(Invoker.java:510)
	at org.testng.internal.Invoker.invokeConfigurations(Invoker.java:211)
	at org.testng.internal.Invoker.invokeMethod(Invoker.java:585)
	at org.testng.internal.Invoker.invokeTestMethod(Invoker.java:816)
	at org.testng.internal.Invoker.invokeTestMethods(Invoker.java:1124)
	at org.testng.internal.TestMethodWorker.invokeTestMethods(TestMethodWorker.java:125)
	at org.testng.internal.TestMethodWorker.run(TestMethodWorker.java:108)
	at java.util.concurrent.ThreadPoolExecutor.runWorker(Unknown Source)
	at java.util.concurrent.ThreadPoolExecutor$Worker.run(Unknown Source)
	at java.lang.Thread.run(Unknown Source)
Caused by: org.openqa.selenium.firefox.NotConnectedException: Unable to connect to host 127.0.0.1 on port 7055 after 45000 ms. Firefox console output:
 Contributors"]},"visible":true,"active":true,"userDisabled":false,"appDisabled":false,"descriptor":"C:\\Program Files (x86)\\Mozilla Firefox\\browser\\extensions\\{972ce4c6-7e08-4474-a285-3208198ce6fd}","installDate":1454649944088,"updateDate":1454649944088,"applyBackgroundUpdates":1,"skinnable":true,"size":24166,"sourceURI":null,"releaseNotesURI":null,"softDisabled":false,"foreignInstall":false,"hasBinaryComponents":false,"strictCompatibility":true,"locales":[],"targetApplications":[{"id":"{ec8030f7-c20a-464f-9b0e-13a3a9e97384}","minVersion":"44.0","maxVersion":"44.0"}],"targetPlatforms":[]}
1454658710972	addons.xpi	DEBUG	getModTime: Recursive scan of {972ce4c6-7e08-4474-a285-3208198ce6fd}
1454658710974	addons.xpi	DEBUG	Updating XPIState for {"id":"fiddlerhook@fiddler2.com","syncGUID":"BWaeiwLnTK4J","location":"winreg-app-global","version":"2.5.1.8","type":"extension","internalName":null,"updateURL":null,"updateKey":null,"optionsURL":null,"optionsType":null,"aboutURL":"chrome://fiddlerhook/content/about.xul","icons":{},"iconURL":"chrome://fiddlerhook/content/fiddlerhook.png","icon64URL":null,"defaultLocale":{"name":"FiddlerHook","description":"Integrate Fiddler into Firefox","creator":"Telerik","homepageURL":"https://fiddler2.com/r/?FIDDLERHOOKHELP"},"visible":true,"active":false,"userDisabled":true,"appDisabled":true,"descriptor":"C:\\Program Files (x86)\\Fiddler2\\FiddlerHook","installDate":1440131992017,"updateDate":1440131992017,"applyBackgroundUpdates":1,"bootstrap":false,"size":33903,"sourceURI":null,"releaseNotesURI":null,"softDisabled":false,"foreignInstall":true,"hasBinaryComponents":false,"strictCompatibility":false,"locales":[],"targetApplications":[{"id":"{ec8030f7-c20a-464f-9b0e-13a3a9e97384}","minVersion":"4.0","maxVersion":"42.*"}],"targetPlatforms":[],"multiprocessCompatible":false,"signedState":0}
1454658710974	DeferredSave.extensions.json	DEBUG	Save changes
1454658710974	addons.xpi	DEBUG	Updating database with changes to installed add-ons
1454658710974	addons.xpi-utils	DEBUG	Updating add-on states
1454658710976	addons.xpi-utils	DEBUG	Writing add-ons list
1454658710990	addons.manager	DEBUG	Registering shutdown blocker for XPIProvider
1454658710990	addons.manager	DEBUG	Provider finished startup: XPIProvider
1454658710990	addons.manager	DEBUG	Starting provider: LightweightThemeManager
1454658710990	addons.manager	DEBUG	Registering shutdown blocker for LightweightThemeManager
1454658710991	addons.manager	DEBUG	Provider finished startup: LightweightThemeManager
1454658710991	addons.manager	DEBUG	Starting provider: GMPProvider
1454658711000	addons.manager	DEBUG	Registering shutdown blocker for GMPProvider
1454658711000	addons.manager	DEBUG	Provider finished startup: GMPProvider
1454658711000	addons.manager	DEBUG	Starting provider: PluginProvider
1454658711000	addons.manager	DEBUG	Registering shutdown blocker for PluginProvider
1454658711001	addons.manager	DEBUG	Provider finished startup: PluginProvider
1454658711001	addons.manager	DEBUG	Completed startup sequence
1454658711400	addons.manager	DEBUG	Starting provider: <unnamed-provider>
1454658711400	addons.manager	DEBUG	Registering shutdown blocker for <unnamed-provider>
1454658711400	addons.manager	DEBUG	Provider finished startup: <unnamed-provider>
1454658711593	DeferredSave.extensions.json	DEBUG	Starting write
1454658711901	addons.repository	DEBUG	No addons.json found.
1454658711901	DeferredSave.addons.json	DEBUG	Save changes
1454658711905	DeferredSave.addons.json	DEBUG	Starting timer
1454658711923	addons.manager	DEBUG	Starting provider: PreviousExperimentProvider
1454658711923	addons.manager	DEBUG	Registering shutdown blocker for PreviousExperimentProvider
1454658711924	addons.manager	DEBUG	Provider finished startup: PreviousExperimentProvider
1454658711929	DeferredSave.extensions.json	DEBUG	Write succeeded
1454658711931	addons.xpi-utils	DEBUG	XPI Database saved, setting schema version preference to 17
1454658711964	DeferredSave.addons.json	DEBUG	Starting write
1454658712007	DeferredSave.addons.json	DEBUG	Write succeeded

	at org.openqa.selenium.firefox.internal.NewProfileExtensionConnection.start(NewProfileExtensionConnection.java:122)
	... 23 more
]]>
    </error>
  </testcase> <!-- testElephantFromMN -->
  <testcase name="testAllBooksWithDefaultTax" time="0.000" classname="tests.acceptanceTestCases.TestHomePage">
    <error type="org.openqa.selenium.WebDriverException" message="Failed to connect to binary FirefoxBinary(C:\Program Files (x86)\Mozilla Firefox\firefox.exe) on port 7055; process output follows: 
 Contributors&quot;]},&quot;visible&quot;:true,&quot;active&quot;:true,&quot;userDisabled&quot;:false,&quot;appDisabled&quot;:false,&quot;descriptor&quot;:&quot;C:\\Program Files (x86)\\Mozilla Firefox\\browser\\extensions\\{972ce4c6-7e08-4474-a285-3208198ce6fd}&quot;,&quot;installDate&quot;:1454649944088,&quot;updateDate&quot;:1454649944088,&quot;applyBackgroundUpdates&quot;:1,&quot;skinnable&quot;:true,&quot;size&quot;:24166,&quot;sourceURI&quot;:null,&quot;releaseNotesURI&quot;:null,&quot;softDisabled&quot;:false,&quot;foreignInstall&quot;:false,&quot;hasBinaryComponents&quot;:false,&quot;strictCompatibility&quot;:true,&quot;locales&quot;:[],&quot;targetApplications&quot;:[{&quot;id&quot;:&quot;{ec8030f7-c20a-464f-9b0e-13a3a9e97384}&quot;,&quot;minVersion&quot;:&quot;44.0&quot;,&quot;maxVersion&quot;:&quot;44.0&quot;}],&quot;targetPlatforms&quot;:[]}
1454658710972	addons.xpi	DEBUG	getModTime: Recursive scan of {972ce4c6-7e08-4474-a285-3208198ce6fd}
1454658710974	addons.xpi	DEBUG	Updating XPIState for {&quot;id&quot;:&quot;fiddlerhook@fiddler2.com&quot;,&quot;syncGUID&quot;:&quot;BWaeiwLnTK4J&quot;,&quot;location&quot;:&quot;winreg-app-global&quot;,&quot;version&quot;:&quot;2.5.1.8&quot;,&quot;type&quot;:&quot;extension&quot;,&quot;internalName&quot;:null,&quot;updateURL&quot;:null,&quot;updateKey&quot;:null,&quot;optionsURL&quot;:null,&quot;optionsType&quot;:null,&quot;aboutURL&quot;:&quot;chrome://fiddlerhook/content/about.xul&quot;,&quot;icons&quot;:{},&quot;iconURL&quot;:&quot;chrome://fiddlerhook/content/fiddlerhook.png&quot;,&quot;icon64URL&quot;:null,&quot;defaultLocale&quot;:{&quot;name&quot;:&quot;FiddlerHook&quot;,&quot;description&quot;:&quot;Integrate Fiddler into Firefox&quot;,&quot;creator&quot;:&quot;Telerik&quot;,&quot;homepageURL&quot;:&quot;https://fiddler2.com/r/?FIDDLERHOOKHELP&quot;},&quot;visible&quot;:true,&quot;active&quot;:false,&quot;userDisabled&quot;:true,&quot;appDisabled&quot;:true,&quot;descriptor&quot;:&quot;C:\\Program Files (x86)\\Fiddler2\\FiddlerHook&quot;,&quot;installDate&quot;:1440131992017,&quot;updateDate&quot;:1440131992017,&quot;applyBackgroundUpdates&quot;:1,&quot;bootstrap&quot;:false,&quot;size&quot;:33903,&quot;sourceURI&quot;:null,&quot;releaseNotesURI&quot;:null,&quot;softDisabled&quot;:false,&quot;foreignInstall&quot;:true,&quot;hasBinaryComponents&quot;:false,&quot;strictCompatibility&quot;:false,&quot;locales&quot;:[],&quot;targetApplications&quot;:[{&quot;id&quot;:&quot;{ec8030f7-c20a-464f-9b0e-13a3a9e97384}&quot;,&quot;minVersion&quot;:&quot;4.0&quot;,&quot;maxVersion&quot;:&quot;42.*&quot;}],&quot;targetPlatforms&quot;:[],&quot;multiprocessCompatible&quot;:false,&quot;signedState&quot;:0}
1454658710974	DeferredSave.extensions.json	DEBUG	Save changes
1454658710974	addons.xpi	DEBUG	Updating database with changes to installed add-ons
1454658710974	addons.xpi-utils	DEBUG	Updating add-on states
1454658710976	addons.xpi-utils	DEBUG	Writing add-ons list
1454658710990	addons.manager	DEBUG	Registering shutdown blocker for XPIProvider
1454658710990	addons.manager	DEBUG	Provider finished startup: XPIProvider
1454658710990	addons.manager	DEBUG	Starting provider: LightweightThemeManager
1454658710990	addons.manager	DEBUG	Registering shutdown blocker for LightweightThemeManager
1454658710991	addons.manager	DEBUG	Provider finished startup: LightweightThemeManager
1454658710991	addons.manager	DEBUG	Starting provider: GMPProvider
1454658711000	addons.manager	DEBUG	Registering shutdown blocker for GMPProvider
1454658711000	addons.manager	DEBUG	Provider finished startup: GMPProvider
1454658711000	addons.manager	DEBUG	Starting provider: PluginProvider
1454658711000	addons.manager	DEBUG	Registering shutdown blocker for PluginProvider
1454658711001	addons.manager	DEBUG	Provider finished startup: PluginProvider
1454658711001	addons.manager	DEBUG	Completed startup sequence
1454658711400	addons.manager	DEBUG	Starting provider: &lt;unnamed-provider&gt;
1454658711400	addons.manager	DEBUG	Registering shutdown blocker for &lt;unnamed-provider&gt;
1454658711400	addons.manager	DEBUG	Provider finished startup: &lt;unnamed-provider&gt;
1454658711593	DeferredSave.extensions.json	DEBUG	Starting write
1454658711901	addons.repository	DEBUG	No addons.json found.
1454658711901	DeferredSave.addons.json	DEBUG	Save changes
1454658711905	DeferredSave.addons.json	DEBUG	Starting timer
1454658711923	addons.manager	DEBUG	Starting provider: PreviousExperimentProvider
1454658711923	addons.manager	DEBUG	Registering shutdown blocker for PreviousExperimentProvider
1454658711924	addons.manager	DEBUG	Provider finished startup: PreviousExperimentProvider
1454658711929	DeferredSave.extensions.json	DEBUG	Write succeeded
1454658711931	addons.xpi-utils	DEBUG	XPI Database saved, setting schema version preference to 17
1454658711964	DeferredSave.addons.json	DEBUG	Starting write
1454658712007	DeferredSave.addons.json	DEBUG	Write succeeded

Build info: version: &#039;2.47.1&#039;, revision: &#039;411b314&#039;, time: &#039;2015-07-30 02:56:46&#039;
System info: host: &#039;wqa-test-PC&#039;, ip: &#039;192.168.0.13&#039;, os.name: &#039;Windows 10&#039;, os.arch: &#039;amd64&#039;, os.version: &#039;10.0&#039;, java.version: &#039;1.8.0_66&#039;
Driver info: driver.version: FirefoxDriver">
      <![CDATA[org.openqa.selenium.WebDriverException: Failed to connect to binary FirefoxBinary(C:\Program Files (x86)\Mozilla Firefox\firefox.exe) on port 7055; process output follows: 
 Contributors"]},"visible":true,"active":true,"userDisabled":false,"appDisabled":false,"descriptor":"C:\\Program Files (x86)\\Mozilla Firefox\\browser\\extensions\\{972ce4c6-7e08-4474-a285-3208198ce6fd}","installDate":1454649944088,"updateDate":1454649944088,"applyBackgroundUpdates":1,"skinnable":true,"size":24166,"sourceURI":null,"releaseNotesURI":null,"softDisabled":false,"foreignInstall":false,"hasBinaryComponents":false,"strictCompatibility":true,"locales":[],"targetApplications":[{"id":"{ec8030f7-c20a-464f-9b0e-13a3a9e97384}","minVersion":"44.0","maxVersion":"44.0"}],"targetPlatforms":[]}
1454658710972	addons.xpi	DEBUG	getModTime: Recursive scan of {972ce4c6-7e08-4474-a285-3208198ce6fd}
1454658710974	addons.xpi	DEBUG	Updating XPIState for {"id":"fiddlerhook@fiddler2.com","syncGUID":"BWaeiwLnTK4J","location":"winreg-app-global","version":"2.5.1.8","type":"extension","internalName":null,"updateURL":null,"updateKey":null,"optionsURL":null,"optionsType":null,"aboutURL":"chrome://fiddlerhook/content/about.xul","icons":{},"iconURL":"chrome://fiddlerhook/content/fiddlerhook.png","icon64URL":null,"defaultLocale":{"name":"FiddlerHook","description":"Integrate Fiddler into Firefox","creator":"Telerik","homepageURL":"https://fiddler2.com/r/?FIDDLERHOOKHELP"},"visible":true,"active":false,"userDisabled":true,"appDisabled":true,"descriptor":"C:\\Program Files (x86)\\Fiddler2\\FiddlerHook","installDate":1440131992017,"updateDate":1440131992017,"applyBackgroundUpdates":1,"bootstrap":false,"size":33903,"sourceURI":null,"releaseNotesURI":null,"softDisabled":false,"foreignInstall":true,"hasBinaryComponents":false,"strictCompatibility":false,"locales":[],"targetApplications":[{"id":"{ec8030f7-c20a-464f-9b0e-13a3a9e97384}","minVersion":"4.0","maxVersion":"42.*"}],"targetPlatforms":[],"multiprocessCompatible":false,"signedState":0}
1454658710974	DeferredSave.extensions.json	DEBUG	Save changes
1454658710974	addons.xpi	DEBUG	Updating database with changes to installed add-ons
1454658710974	addons.xpi-utils	DEBUG	Updating add-on states
1454658710976	addons.xpi-utils	DEBUG	Writing add-ons list
1454658710990	addons.manager	DEBUG	Registering shutdown blocker for XPIProvider
1454658710990	addons.manager	DEBUG	Provider finished startup: XPIProvider
1454658710990	addons.manager	DEBUG	Starting provider: LightweightThemeManager
1454658710990	addons.manager	DEBUG	Registering shutdown blocker for LightweightThemeManager
1454658710991	addons.manager	DEBUG	Provider finished startup: LightweightThemeManager
1454658710991	addons.manager	DEBUG	Starting provider: GMPProvider
1454658711000	addons.manager	DEBUG	Registering shutdown blocker for GMPProvider
1454658711000	addons.manager	DEBUG	Provider finished startup: GMPProvider
1454658711000	addons.manager	DEBUG	Starting provider: PluginProvider
1454658711000	addons.manager	DEBUG	Registering shutdown blocker for PluginProvider
1454658711001	addons.manager	DEBUG	Provider finished startup: PluginProvider
1454658711001	addons.manager	DEBUG	Completed startup sequence
1454658711400	addons.manager	DEBUG	Starting provider: <unnamed-provider>
1454658711400	addons.manager	DEBUG	Registering shutdown blocker for <unnamed-provider>
1454658711400	addons.manager	DEBUG	Provider finished startup: <unnamed-provider>
1454658711593	DeferredSave.extensions.json	DEBUG	Starting write
1454658711901	addons.repository	DEBUG	No addons.json found.
1454658711901	DeferredSave.addons.json	DEBUG	Save changes
1454658711905	DeferredSave.addons.json	DEBUG	Starting timer
1454658711923	addons.manager	DEBUG	Starting provider: PreviousExperimentProvider
1454658711923	addons.manager	DEBUG	Registering shutdown blocker for PreviousExperimentProvider
1454658711924	addons.manager	DEBUG	Provider finished startup: PreviousExperimentProvider
1454658711929	DeferredSave.extensions.json	DEBUG	Write succeeded
1454658711931	addons.xpi-utils	DEBUG	XPI Database saved, setting schema version preference to 17
1454658711964	DeferredSave.addons.json	DEBUG	Starting write
1454658712007	DeferredSave.addons.json	DEBUG	Write succeeded

Build info: version: '2.47.1', revision: '411b314', time: '2015-07-30 02:56:46'
System info: host: 'wqa-test-PC', ip: '192.168.0.13', os.name: 'Windows 10', os.arch: 'amd64', os.version: '10.0', java.version: '1.8.0_66'
Driver info: driver.version: FirefoxDriver
	at org.openqa.selenium.firefox.internal.NewProfileExtensionConnection.start(NewProfileExtensionConnection.java:134)
	at org.openqa.selenium.firefox.FirefoxDriver.startClient(FirefoxDriver.java:276)
	at org.openqa.selenium.remote.RemoteWebDriver.<init>(RemoteWebDriver.java:116)
	at org.openqa.selenium.firefox.FirefoxDriver.<init>(FirefoxDriver.java:223)
	at org.openqa.selenium.firefox.FirefoxDriver.<init>(FirefoxDriver.java:216)
	at org.openqa.selenium.firefox.FirefoxDriver.<init>(FirefoxDriver.java:134)
	at utlilities.TestBase.getWebDriver(TestBase.java:95)
	at utlilities.TestBase.initBeforeMethod(TestBase.java:50)
	at tests.acceptanceTestCases.TestHomePage.setUp(TestHomePage.java:28)
	at sun.reflect.NativeMethodAccessorImpl.invoke0(Native Method)
	at sun.reflect.NativeMethodAccessorImpl.invoke(Unknown Source)
	at sun.reflect.DelegatingMethodAccessorImpl.invoke(Unknown Source)
	at java.lang.reflect.Method.invoke(Unknown Source)
	at org.testng.internal.MethodInvocationHelper.invokeMethod(MethodInvocationHelper.java:85)
	at org.testng.internal.Invoker.invokeConfigurationMethod(Invoker.java:510)
	at org.testng.internal.Invoker.invokeConfigurations(Invoker.java:211)
	at org.testng.internal.Invoker.invokeMethod(Invoker.java:585)
	at org.testng.internal.Invoker.invokeTestMethod(Invoker.java:816)
	at org.testng.internal.Invoker.invokeTestMethods(Invoker.java:1124)
	at org.testng.internal.TestMethodWorker.invokeTestMethods(TestMethodWorker.java:125)
	at org.testng.internal.TestMethodWorker.run(TestMethodWorker.java:108)
	at java.util.concurrent.ThreadPoolExecutor.runWorker(Unknown Source)
	at java.util.concurrent.ThreadPoolExecutor$Worker.run(Unknown Source)
	at java.lang.Thread.run(Unknown Source)
Caused by: org.openqa.selenium.firefox.NotConnectedException: Unable to connect to host 127.0.0.1 on port 7055 after 45000 ms. Firefox console output:
 Contributors"]},"visible":true,"active":true,"userDisabled":false,"appDisabled":false,"descriptor":"C:\\Program Files (x86)\\Mozilla Firefox\\browser\\extensions\\{972ce4c6-7e08-4474-a285-3208198ce6fd}","installDate":1454649944088,"updateDate":1454649944088,"applyBackgroundUpdates":1,"skinnable":true,"size":24166,"sourceURI":null,"releaseNotesURI":null,"softDisabled":false,"foreignInstall":false,"hasBinaryComponents":false,"strictCompatibility":true,"locales":[],"targetApplications":[{"id":"{ec8030f7-c20a-464f-9b0e-13a3a9e97384}","minVersion":"44.0","maxVersion":"44.0"}],"targetPlatforms":[]}
1454658710972	addons.xpi	DEBUG	getModTime: Recursive scan of {972ce4c6-7e08-4474-a285-3208198ce6fd}
1454658710974	addons.xpi	DEBUG	Updating XPIState for {"id":"fiddlerhook@fiddler2.com","syncGUID":"BWaeiwLnTK4J","location":"winreg-app-global","version":"2.5.1.8","type":"extension","internalName":null,"updateURL":null,"updateKey":null,"optionsURL":null,"optionsType":null,"aboutURL":"chrome://fiddlerhook/content/about.xul","icons":{},"iconURL":"chrome://fiddlerhook/content/fiddlerhook.png","icon64URL":null,"defaultLocale":{"name":"FiddlerHook","description":"Integrate Fiddler into Firefox","creator":"Telerik","homepageURL":"https://fiddler2.com/r/?FIDDLERHOOKHELP"},"visible":true,"active":false,"userDisabled":true,"appDisabled":true,"descriptor":"C:\\Program Files (x86)\\Fiddler2\\FiddlerHook","installDate":1440131992017,"updateDate":1440131992017,"applyBackgroundUpdates":1,"bootstrap":false,"size":33903,"sourceURI":null,"releaseNotesURI":null,"softDisabled":false,"foreignInstall":true,"hasBinaryComponents":false,"strictCompatibility":false,"locales":[],"targetApplications":[{"id":"{ec8030f7-c20a-464f-9b0e-13a3a9e97384}","minVersion":"4.0","maxVersion":"42.*"}],"targetPlatforms":[],"multiprocessCompatible":false,"signedState":0}
1454658710974	DeferredSave.extensions.json	DEBUG	Save changes
1454658710974	addons.xpi	DEBUG	Updating database with changes to installed add-ons
1454658710974	addons.xpi-utils	DEBUG	Updating add-on states
1454658710976	addons.xpi-utils	DEBUG	Writing add-ons list
1454658710990	addons.manager	DEBUG	Registering shutdown blocker for XPIProvider
1454658710990	addons.manager	DEBUG	Provider finished startup: XPIProvider
1454658710990	addons.manager	DEBUG	Starting provider: LightweightThemeManager
1454658710990	addons.manager	DEBUG	Registering shutdown blocker for LightweightThemeManager
1454658710991	addons.manager	DEBUG	Provider finished startup: LightweightThemeManager
1454658710991	addons.manager	DEBUG	Starting provider: GMPProvider
1454658711000	addons.manager	DEBUG	Registering shutdown blocker for GMPProvider
1454658711000	addons.manager	DEBUG	Provider finished startup: GMPProvider
1454658711000	addons.manager	DEBUG	Starting provider: PluginProvider
1454658711000	addons.manager	DEBUG	Registering shutdown blocker for PluginProvider
1454658711001	addons.manager	DEBUG	Provider finished startup: PluginProvider
1454658711001	addons.manager	DEBUG	Completed startup sequence
1454658711400	addons.manager	DEBUG	Starting provider: <unnamed-provider>
1454658711400	addons.manager	DEBUG	Registering shutdown blocker for <unnamed-provider>
1454658711400	addons.manager	DEBUG	Provider finished startup: <unnamed-provider>
1454658711593	DeferredSave.extensions.json	DEBUG	Starting write
1454658711901	addons.repository	DEBUG	No addons.json found.
1454658711901	DeferredSave.addons.json	DEBUG	Save changes
1454658711905	DeferredSave.addons.json	DEBUG	Starting timer
1454658711923	addons.manager	DEBUG	Starting provider: PreviousExperimentProvider
1454658711923	addons.manager	DEBUG	Registering shutdown blocker for PreviousExperimentProvider
1454658711924	addons.manager	DEBUG	Provider finished startup: PreviousExperimentProvider
1454658711929	DeferredSave.extensions.json	DEBUG	Write succeeded
1454658711931	addons.xpi-utils	DEBUG	XPI Database saved, setting schema version preference to 17
1454658711964	DeferredSave.addons.json	DEBUG	Starting write
1454658712007	DeferredSave.addons.json	DEBUG	Write succeeded

	at org.openqa.selenium.firefox.internal.NewProfileExtensionConnection.start(NewProfileExtensionConnection.java:122)
	... 23 more
]]>
    </error>
  </testcase> <!-- testAllBooksWithDefaultTax -->
  <testcase name="testLionFromNY" time="0.001" classname="tests.acceptanceTestCases.TestHomePage">
    <error type="org.openqa.selenium.WebDriverException" message="Failed to connect to binary FirefoxBinary(C:\Program Files (x86)\Mozilla Firefox\firefox.exe) on port 7055; process output follows: 
 Contributors&quot;]},&quot;visible&quot;:true,&quot;active&quot;:true,&quot;userDisabled&quot;:false,&quot;appDisabled&quot;:false,&quot;descriptor&quot;:&quot;C:\\Program Files (x86)\\Mozilla Firefox\\browser\\extensions\\{972ce4c6-7e08-4474-a285-3208198ce6fd}&quot;,&quot;installDate&quot;:1454649944088,&quot;updateDate&quot;:1454649944088,&quot;applyBackgroundUpdates&quot;:1,&quot;skinnable&quot;:true,&quot;size&quot;:24166,&quot;sourceURI&quot;:null,&quot;releaseNotesURI&quot;:null,&quot;softDisabled&quot;:false,&quot;foreignInstall&quot;:false,&quot;hasBinaryComponents&quot;:false,&quot;strictCompatibility&quot;:true,&quot;locales&quot;:[],&quot;targetApplications&quot;:[{&quot;id&quot;:&quot;{ec8030f7-c20a-464f-9b0e-13a3a9e97384}&quot;,&quot;minVersion&quot;:&quot;44.0&quot;,&quot;maxVersion&quot;:&quot;44.0&quot;}],&quot;targetPlatforms&quot;:[]}
1454658710972	addons.xpi	DEBUG	getModTime: Recursive scan of {972ce4c6-7e08-4474-a285-3208198ce6fd}
1454658710974	addons.xpi	DEBUG	Updating XPIState for {&quot;id&quot;:&quot;fiddlerhook@fiddler2.com&quot;,&quot;syncGUID&quot;:&quot;BWaeiwLnTK4J&quot;,&quot;location&quot;:&quot;winreg-app-global&quot;,&quot;version&quot;:&quot;2.5.1.8&quot;,&quot;type&quot;:&quot;extension&quot;,&quot;internalName&quot;:null,&quot;updateURL&quot;:null,&quot;updateKey&quot;:null,&quot;optionsURL&quot;:null,&quot;optionsType&quot;:null,&quot;aboutURL&quot;:&quot;chrome://fiddlerhook/content/about.xul&quot;,&quot;icons&quot;:{},&quot;iconURL&quot;:&quot;chrome://fiddlerhook/content/fiddlerhook.png&quot;,&quot;icon64URL&quot;:null,&quot;defaultLocale&quot;:{&quot;name&quot;:&quot;FiddlerHook&quot;,&quot;description&quot;:&quot;Integrate Fiddler into Firefox&quot;,&quot;creator&quot;:&quot;Telerik&quot;,&quot;homepageURL&quot;:&quot;https://fiddler2.com/r/?FIDDLERHOOKHELP&quot;},&quot;visible&quot;:true,&quot;active&quot;:false,&quot;userDisabled&quot;:true,&quot;appDisabled&quot;:true,&quot;descriptor&quot;:&quot;C:\\Program Files (x86)\\Fiddler2\\FiddlerHook&quot;,&quot;installDate&quot;:1440131992017,&quot;updateDate&quot;:1440131992017,&quot;applyBackgroundUpdates&quot;:1,&quot;bootstrap&quot;:false,&quot;size&quot;:33903,&quot;sourceURI&quot;:null,&quot;releaseNotesURI&quot;:null,&quot;softDisabled&quot;:false,&quot;foreignInstall&quot;:true,&quot;hasBinaryComponents&quot;:false,&quot;strictCompatibility&quot;:false,&quot;locales&quot;:[],&quot;targetApplications&quot;:[{&quot;id&quot;:&quot;{ec8030f7-c20a-464f-9b0e-13a3a9e97384}&quot;,&quot;minVersion&quot;:&quot;4.0&quot;,&quot;maxVersion&quot;:&quot;42.*&quot;}],&quot;targetPlatforms&quot;:[],&quot;multiprocessCompatible&quot;:false,&quot;signedState&quot;:0}
1454658710974	DeferredSave.extensions.json	DEBUG	Save changes
1454658710974	addons.xpi	DEBUG	Updating database with changes to installed add-ons
1454658710974	addons.xpi-utils	DEBUG	Updating add-on states
1454658710976	addons.xpi-utils	DEBUG	Writing add-ons list
1454658710990	addons.manager	DEBUG	Registering shutdown blocker for XPIProvider
1454658710990	addons.manager	DEBUG	Provider finished startup: XPIProvider
1454658710990	addons.manager	DEBUG	Starting provider: LightweightThemeManager
1454658710990	addons.manager	DEBUG	Registering shutdown blocker for LightweightThemeManager
1454658710991	addons.manager	DEBUG	Provider finished startup: LightweightThemeManager
1454658710991	addons.manager	DEBUG	Starting provider: GMPProvider
1454658711000	addons.manager	DEBUG	Registering shutdown blocker for GMPProvider
1454658711000	addons.manager	DEBUG	Provider finished startup: GMPProvider
1454658711000	addons.manager	DEBUG	Starting provider: PluginProvider
1454658711000	addons.manager	DEBUG	Registering shutdown blocker for PluginProvider
1454658711001	addons.manager	DEBUG	Provider finished startup: PluginProvider
1454658711001	addons.manager	DEBUG	Completed startup sequence
1454658711400	addons.manager	DEBUG	Starting provider: &lt;unnamed-provider&gt;
1454658711400	addons.manager	DEBUG	Registering shutdown blocker for &lt;unnamed-provider&gt;
1454658711400	addons.manager	DEBUG	Provider finished startup: &lt;unnamed-provider&gt;
1454658711593	DeferredSave.extensions.json	DEBUG	Starting write
1454658711901	addons.repository	DEBUG	No addons.json found.
1454658711901	DeferredSave.addons.json	DEBUG	Save changes
1454658711905	DeferredSave.addons.json	DEBUG	Starting timer
1454658711923	addons.manager	DEBUG	Starting provider: PreviousExperimentProvider
1454658711923	addons.manager	DEBUG	Registering shutdown blocker for PreviousExperimentProvider
1454658711924	addons.manager	DEBUG	Provider finished startup: PreviousExperimentProvider
1454658711929	DeferredSave.extensions.json	DEBUG	Write succeeded
1454658711931	addons.xpi-utils	DEBUG	XPI Database saved, setting schema version preference to 17
1454658711964	DeferredSave.addons.json	DEBUG	Starting write
1454658712007	DeferredSave.addons.json	DEBUG	Write succeeded

Build info: version: &#039;2.47.1&#039;, revision: &#039;411b314&#039;, time: &#039;2015-07-30 02:56:46&#039;
System info: host: &#039;wqa-test-PC&#039;, ip: &#039;192.168.0.13&#039;, os.name: &#039;Windows 10&#039;, os.arch: &#039;amd64&#039;, os.version: &#039;10.0&#039;, java.version: &#039;1.8.0_66&#039;
Driver info: driver.version: FirefoxDriver">
      <![CDATA[org.openqa.selenium.WebDriverException: Failed to connect to binary FirefoxBinary(C:\Program Files (x86)\Mozilla Firefox\firefox.exe) on port 7055; process output follows: 
 Contributors"]},"visible":true,"active":true,"userDisabled":false,"appDisabled":false,"descriptor":"C:\\Program Files (x86)\\Mozilla Firefox\\browser\\extensions\\{972ce4c6-7e08-4474-a285-3208198ce6fd}","installDate":1454649944088,"updateDate":1454649944088,"applyBackgroundUpdates":1,"skinnable":true,"size":24166,"sourceURI":null,"releaseNotesURI":null,"softDisabled":false,"foreignInstall":false,"hasBinaryComponents":false,"strictCompatibility":true,"locales":[],"targetApplications":[{"id":"{ec8030f7-c20a-464f-9b0e-13a3a9e97384}","minVersion":"44.0","maxVersion":"44.0"}],"targetPlatforms":[]}
1454658710972	addons.xpi	DEBUG	getModTime: Recursive scan of {972ce4c6-7e08-4474-a285-3208198ce6fd}
1454658710974	addons.xpi	DEBUG	Updating XPIState for {"id":"fiddlerhook@fiddler2.com","syncGUID":"BWaeiwLnTK4J","location":"winreg-app-global","version":"2.5.1.8","type":"extension","internalName":null,"updateURL":null,"updateKey":null,"optionsURL":null,"optionsType":null,"aboutURL":"chrome://fiddlerhook/content/about.xul","icons":{},"iconURL":"chrome://fiddlerhook/content/fiddlerhook.png","icon64URL":null,"defaultLocale":{"name":"FiddlerHook","description":"Integrate Fiddler into Firefox","creator":"Telerik","homepageURL":"https://fiddler2.com/r/?FIDDLERHOOKHELP"},"visible":true,"active":false,"userDisabled":true,"appDisabled":true,"descriptor":"C:\\Program Files (x86)\\Fiddler2\\FiddlerHook","installDate":1440131992017,"updateDate":1440131992017,"applyBackgroundUpdates":1,"bootstrap":false,"size":33903,"sourceURI":null,"releaseNotesURI":null,"softDisabled":false,"foreignInstall":true,"hasBinaryComponents":false,"strictCompatibility":false,"locales":[],"targetApplications":[{"id":"{ec8030f7-c20a-464f-9b0e-13a3a9e97384}","minVersion":"4.0","maxVersion":"42.*"}],"targetPlatforms":[],"multiprocessCompatible":false,"signedState":0}
1454658710974	DeferredSave.extensions.json	DEBUG	Save changes
1454658710974	addons.xpi	DEBUG	Updating database with changes to installed add-ons
1454658710974	addons.xpi-utils	DEBUG	Updating add-on states
1454658710976	addons.xpi-utils	DEBUG	Writing add-ons list
1454658710990	addons.manager	DEBUG	Registering shutdown blocker for XPIProvider
1454658710990	addons.manager	DEBUG	Provider finished startup: XPIProvider
1454658710990	addons.manager	DEBUG	Starting provider: LightweightThemeManager
1454658710990	addons.manager	DEBUG	Registering shutdown blocker for LightweightThemeManager
1454658710991	addons.manager	DEBUG	Provider finished startup: LightweightThemeManager
1454658710991	addons.manager	DEBUG	Starting provider: GMPProvider
1454658711000	addons.manager	DEBUG	Registering shutdown blocker for GMPProvider
1454658711000	addons.manager	DEBUG	Provider finished startup: GMPProvider
1454658711000	addons.manager	DEBUG	Starting provider: PluginProvider
1454658711000	addons.manager	DEBUG	Registering shutdown blocker for PluginProvider
1454658711001	addons.manager	DEBUG	Provider finished startup: PluginProvider
1454658711001	addons.manager	DEBUG	Completed startup sequence
1454658711400	addons.manager	DEBUG	Starting provider: <unnamed-provider>
1454658711400	addons.manager	DEBUG	Registering shutdown blocker for <unnamed-provider>
1454658711400	addons.manager	DEBUG	Provider finished startup: <unnamed-provider>
1454658711593	DeferredSave.extensions.json	DEBUG	Starting write
1454658711901	addons.repository	DEBUG	No addons.json found.
1454658711901	DeferredSave.addons.json	DEBUG	Save changes
1454658711905	DeferredSave.addons.json	DEBUG	Starting timer
1454658711923	addons.manager	DEBUG	Starting provider: PreviousExperimentProvider
1454658711923	addons.manager	DEBUG	Registering shutdown blocker for PreviousExperimentProvider
1454658711924	addons.manager	DEBUG	Provider finished startup: PreviousExperimentProvider
1454658711929	DeferredSave.extensions.json	DEBUG	Write succeeded
1454658711931	addons.xpi-utils	DEBUG	XPI Database saved, setting schema version preference to 17
1454658711964	DeferredSave.addons.json	DEBUG	Starting write
1454658712007	DeferredSave.addons.json	DEBUG	Write succeeded

Build info: version: '2.47.1', revision: '411b314', time: '2015-07-30 02:56:46'
System info: host: 'wqa-test-PC', ip: '192.168.0.13', os.name: 'Windows 10', os.arch: 'amd64', os.version: '10.0', java.version: '1.8.0_66'
Driver info: driver.version: FirefoxDriver
	at org.openqa.selenium.firefox.internal.NewProfileExtensionConnection.start(NewProfileExtensionConnection.java:134)
	at org.openqa.selenium.firefox.FirefoxDriver.startClient(FirefoxDriver.java:276)
	at org.openqa.selenium.remote.RemoteWebDriver.<init>(RemoteWebDriver.java:116)
	at org.openqa.selenium.firefox.FirefoxDriver.<init>(FirefoxDriver.java:223)
	at org.openqa.selenium.firefox.FirefoxDriver.<init>(FirefoxDriver.java:216)
	at org.openqa.selenium.firefox.FirefoxDriver.<init>(FirefoxDriver.java:134)
	at utlilities.TestBase.getWebDriver(TestBase.java:95)
	at utlilities.TestBase.initBeforeMethod(TestBase.java:50)
	at tests.acceptanceTestCases.TestHomePage.setUp(TestHomePage.java:28)
	at sun.reflect.NativeMethodAccessorImpl.invoke0(Native Method)
	at sun.reflect.NativeMethodAccessorImpl.invoke(Unknown Source)
	at sun.reflect.DelegatingMethodAccessorImpl.invoke(Unknown Source)
	at java.lang.reflect.Method.invoke(Unknown Source)
	at org.testng.internal.MethodInvocationHelper.invokeMethod(MethodInvocationHelper.java:85)
	at org.testng.internal.Invoker.invokeConfigurationMethod(Invoker.java:510)
	at org.testng.internal.Invoker.invokeConfigurations(Invoker.java:211)
	at org.testng.internal.Invoker.invokeMethod(Invoker.java:585)
	at org.testng.internal.Invoker.invokeTestMethod(Invoker.java:816)
	at org.testng.internal.Invoker.invokeTestMethods(Invoker.java:1124)
	at org.testng.internal.TestMethodWorker.invokeTestMethods(TestMethodWorker.java:125)
	at org.testng.internal.TestMethodWorker.run(TestMethodWorker.java:108)
	at java.util.concurrent.ThreadPoolExecutor.runWorker(Unknown Source)
	at java.util.concurrent.ThreadPoolExecutor$Worker.run(Unknown Source)
	at java.lang.Thread.run(Unknown Source)
Caused by: org.openqa.selenium.firefox.NotConnectedException: Unable to connect to host 127.0.0.1 on port 7055 after 45000 ms. Firefox console output:
 Contributors"]},"visible":true,"active":true,"userDisabled":false,"appDisabled":false,"descriptor":"C:\\Program Files (x86)\\Mozilla Firefox\\browser\\extensions\\{972ce4c6-7e08-4474-a285-3208198ce6fd}","installDate":1454649944088,"updateDate":1454649944088,"applyBackgroundUpdates":1,"skinnable":true,"size":24166,"sourceURI":null,"releaseNotesURI":null,"softDisabled":false,"foreignInstall":false,"hasBinaryComponents":false,"strictCompatibility":true,"locales":[],"targetApplications":[{"id":"{ec8030f7-c20a-464f-9b0e-13a3a9e97384}","minVersion":"44.0","maxVersion":"44.0"}],"targetPlatforms":[]}
1454658710972	addons.xpi	DEBUG	getModTime: Recursive scan of {972ce4c6-7e08-4474-a285-3208198ce6fd}
1454658710974	addons.xpi	DEBUG	Updating XPIState for {"id":"fiddlerhook@fiddler2.com","syncGUID":"BWaeiwLnTK4J","location":"winreg-app-global","version":"2.5.1.8","type":"extension","internalName":null,"updateURL":null,"updateKey":null,"optionsURL":null,"optionsType":null,"aboutURL":"chrome://fiddlerhook/content/about.xul","icons":{},"iconURL":"chrome://fiddlerhook/content/fiddlerhook.png","icon64URL":null,"defaultLocale":{"name":"FiddlerHook","description":"Integrate Fiddler into Firefox","creator":"Telerik","homepageURL":"https://fiddler2.com/r/?FIDDLERHOOKHELP"},"visible":true,"active":false,"userDisabled":true,"appDisabled":true,"descriptor":"C:\\Program Files (x86)\\Fiddler2\\FiddlerHook","installDate":1440131992017,"updateDate":1440131992017,"applyBackgroundUpdates":1,"bootstrap":false,"size":33903,"sourceURI":null,"releaseNotesURI":null,"softDisabled":false,"foreignInstall":true,"hasBinaryComponents":false,"strictCompatibility":false,"locales":[],"targetApplications":[{"id":"{ec8030f7-c20a-464f-9b0e-13a3a9e97384}","minVersion":"4.0","maxVersion":"42.*"}],"targetPlatforms":[],"multiprocessCompatible":false,"signedState":0}
1454658710974	DeferredSave.extensions.json	DEBUG	Save changes
1454658710974	addons.xpi	DEBUG	Updating database with changes to installed add-ons
1454658710974	addons.xpi-utils	DEBUG	Updating add-on states
1454658710976	addons.xpi-utils	DEBUG	Writing add-ons list
1454658710990	addons.manager	DEBUG	Registering shutdown blocker for XPIProvider
1454658710990	addons.manager	DEBUG	Provider finished startup: XPIProvider
1454658710990	addons.manager	DEBUG	Starting provider: LightweightThemeManager
1454658710990	addons.manager	DEBUG	Registering shutdown blocker for LightweightThemeManager
1454658710991	addons.manager	DEBUG	Provider finished startup: LightweightThemeManager
1454658710991	addons.manager	DEBUG	Starting provider: GMPProvider
1454658711000	addons.manager	DEBUG	Registering shutdown blocker for GMPProvider
1454658711000	addons.manager	DEBUG	Provider finished startup: GMPProvider
1454658711000	addons.manager	DEBUG	Starting provider: PluginProvider
1454658711000	addons.manager	DEBUG	Registering shutdown blocker for PluginProvider
1454658711001	addons.manager	DEBUG	Provider finished startup: PluginProvider
1454658711001	addons.manager	DEBUG	Completed startup sequence
1454658711400	addons.manager	DEBUG	Starting provider: <unnamed-provider>
1454658711400	addons.manager	DEBUG	Registering shutdown blocker for <unnamed-provider>
1454658711400	addons.manager	DEBUG	Provider finished startup: <unnamed-provider>
1454658711593	DeferredSave.extensions.json	DEBUG	Starting write
1454658711901	addons.repository	DEBUG	No addons.json found.
1454658711901	DeferredSave.addons.json	DEBUG	Save changes
1454658711905	DeferredSave.addons.json	DEBUG	Starting timer
1454658711923	addons.manager	DEBUG	Starting provider: PreviousExperimentProvider
1454658711923	addons.manager	DEBUG	Registering shutdown blocker for PreviousExperimentProvider
1454658711924	addons.manager	DEBUG	Provider finished startup: PreviousExperimentProvider
1454658711929	DeferredSave.extensions.json	DEBUG	Write succeeded
1454658711931	addons.xpi-utils	DEBUG	XPI Database saved, setting schema version preference to 17
1454658711964	DeferredSave.addons.json	DEBUG	Starting write
1454658712007	DeferredSave.addons.json	DEBUG	Write succeeded

	at org.openqa.selenium.firefox.internal.NewProfileExtensionConnection.start(NewProfileExtensionConnection.java:122)
	... 23 more
]]>
    </error>
  </testcase> <!-- testLionFromNY -->
  <testcase name="testZebraFromCA" time="0.001" classname="tests.acceptanceTestCases.TestHomePage">
    <error type="org.openqa.selenium.WebDriverException" message="Failed to connect to binary FirefoxBinary(C:\Program Files (x86)\Mozilla Firefox\firefox.exe) on port 7055; process output follows: 
 Contributors&quot;]},&quot;visible&quot;:true,&quot;active&quot;:true,&quot;userDisabled&quot;:false,&quot;appDisabled&quot;:false,&quot;descriptor&quot;:&quot;C:\\Program Files (x86)\\Mozilla Firefox\\browser\\extensions\\{972ce4c6-7e08-4474-a285-3208198ce6fd}&quot;,&quot;installDate&quot;:1454649944088,&quot;updateDate&quot;:1454649944088,&quot;applyBackgroundUpdates&quot;:1,&quot;skinnable&quot;:true,&quot;size&quot;:24166,&quot;sourceURI&quot;:null,&quot;releaseNotesURI&quot;:null,&quot;softDisabled&quot;:false,&quot;foreignInstall&quot;:false,&quot;hasBinaryComponents&quot;:false,&quot;strictCompatibility&quot;:true,&quot;locales&quot;:[],&quot;targetApplications&quot;:[{&quot;id&quot;:&quot;{ec8030f7-c20a-464f-9b0e-13a3a9e97384}&quot;,&quot;minVersion&quot;:&quot;44.0&quot;,&quot;maxVersion&quot;:&quot;44.0&quot;}],&quot;targetPlatforms&quot;:[]}
1454658710972	addons.xpi	DEBUG	getModTime: Recursive scan of {972ce4c6-7e08-4474-a285-3208198ce6fd}
1454658710974	addons.xpi	DEBUG	Updating XPIState for {&quot;id&quot;:&quot;fiddlerhook@fiddler2.com&quot;,&quot;syncGUID&quot;:&quot;BWaeiwLnTK4J&quot;,&quot;location&quot;:&quot;winreg-app-global&quot;,&quot;version&quot;:&quot;2.5.1.8&quot;,&quot;type&quot;:&quot;extension&quot;,&quot;internalName&quot;:null,&quot;updateURL&quot;:null,&quot;updateKey&quot;:null,&quot;optionsURL&quot;:null,&quot;optionsType&quot;:null,&quot;aboutURL&quot;:&quot;chrome://fiddlerhook/content/about.xul&quot;,&quot;icons&quot;:{},&quot;iconURL&quot;:&quot;chrome://fiddlerhook/content/fiddlerhook.png&quot;,&quot;icon64URL&quot;:null,&quot;defaultLocale&quot;:{&quot;name&quot;:&quot;FiddlerHook&quot;,&quot;description&quot;:&quot;Integrate Fiddler into Firefox&quot;,&quot;creator&quot;:&quot;Telerik&quot;,&quot;homepageURL&quot;:&quot;https://fiddler2.com/r/?FIDDLERHOOKHELP&quot;},&quot;visible&quot;:true,&quot;active&quot;:false,&quot;userDisabled&quot;:true,&quot;appDisabled&quot;:true,&quot;descriptor&quot;:&quot;C:\\Program Files (x86)\\Fiddler2\\FiddlerHook&quot;,&quot;installDate&quot;:1440131992017,&quot;updateDate&quot;:1440131992017,&quot;applyBackgroundUpdates&quot;:1,&quot;bootstrap&quot;:false,&quot;size&quot;:33903,&quot;sourceURI&quot;:null,&quot;releaseNotesURI&quot;:null,&quot;softDisabled&quot;:false,&quot;foreignInstall&quot;:true,&quot;hasBinaryComponents&quot;:false,&quot;strictCompatibility&quot;:false,&quot;locales&quot;:[],&quot;targetApplications&quot;:[{&quot;id&quot;:&quot;{ec8030f7-c20a-464f-9b0e-13a3a9e97384}&quot;,&quot;minVersion&quot;:&quot;4.0&quot;,&quot;maxVersion&quot;:&quot;42.*&quot;}],&quot;targetPlatforms&quot;:[],&quot;multiprocessCompatible&quot;:false,&quot;signedState&quot;:0}
1454658710974	DeferredSave.extensions.json	DEBUG	Save changes
1454658710974	addons.xpi	DEBUG	Updating database with changes to installed add-ons
1454658710974	addons.xpi-utils	DEBUG	Updating add-on states
1454658710976	addons.xpi-utils	DEBUG	Writing add-ons list
1454658710990	addons.manager	DEBUG	Registering shutdown blocker for XPIProvider
1454658710990	addons.manager	DEBUG	Provider finished startup: XPIProvider
1454658710990	addons.manager	DEBUG	Starting provider: LightweightThemeManager
1454658710990	addons.manager	DEBUG	Registering shutdown blocker for LightweightThemeManager
1454658710991	addons.manager	DEBUG	Provider finished startup: LightweightThemeManager
1454658710991	addons.manager	DEBUG	Starting provider: GMPProvider
1454658711000	addons.manager	DEBUG	Registering shutdown blocker for GMPProvider
1454658711000	addons.manager	DEBUG	Provider finished startup: GMPProvider
1454658711000	addons.manager	DEBUG	Starting provider: PluginProvider
1454658711000	addons.manager	DEBUG	Registering shutdown blocker for PluginProvider
1454658711001	addons.manager	DEBUG	Provider finished startup: PluginProvider
1454658711001	addons.manager	DEBUG	Completed startup sequence
1454658711400	addons.manager	DEBUG	Starting provider: &lt;unnamed-provider&gt;
1454658711400	addons.manager	DEBUG	Registering shutdown blocker for &lt;unnamed-provider&gt;
1454658711400	addons.manager	DEBUG	Provider finished startup: &lt;unnamed-provider&gt;
1454658711593	DeferredSave.extensions.json	DEBUG	Starting write
1454658711901	addons.repository	DEBUG	No addons.json found.
1454658711901	DeferredSave.addons.json	DEBUG	Save changes
1454658711905	DeferredSave.addons.json	DEBUG	Starting timer
1454658711923	addons.manager	DEBUG	Starting provider: PreviousExperimentProvider
1454658711923	addons.manager	DEBUG	Registering shutdown blocker for PreviousExperimentProvider
1454658711924	addons.manager	DEBUG	Provider finished startup: PreviousExperimentProvider
1454658711929	DeferredSave.extensions.json	DEBUG	Write succeeded
1454658711931	addons.xpi-utils	DEBUG	XPI Database saved, setting schema version preference to 17
1454658711964	DeferredSave.addons.json	DEBUG	Starting write
1454658712007	DeferredSave.addons.json	DEBUG	Write succeeded

Build info: version: &#039;2.47.1&#039;, revision: &#039;411b314&#039;, time: &#039;2015-07-30 02:56:46&#039;
System info: host: &#039;wqa-test-PC&#039;, ip: &#039;192.168.0.13&#039;, os.name: &#039;Windows 10&#039;, os.arch: &#039;amd64&#039;, os.version: &#039;10.0&#039;, java.version: &#039;1.8.0_66&#039;
Driver info: driver.version: FirefoxDriver">
      <![CDATA[org.openqa.selenium.WebDriverException: Failed to connect to binary FirefoxBinary(C:\Program Files (x86)\Mozilla Firefox\firefox.exe) on port 7055; process output follows: 
 Contributors"]},"visible":true,"active":true,"userDisabled":false,"appDisabled":false,"descriptor":"C:\\Program Files (x86)\\Mozilla Firefox\\browser\\extensions\\{972ce4c6-7e08-4474-a285-3208198ce6fd}","installDate":1454649944088,"updateDate":1454649944088,"applyBackgroundUpdates":1,"skinnable":true,"size":24166,"sourceURI":null,"releaseNotesURI":null,"softDisabled":false,"foreignInstall":false,"hasBinaryComponents":false,"strictCompatibility":true,"locales":[],"targetApplications":[{"id":"{ec8030f7-c20a-464f-9b0e-13a3a9e97384}","minVersion":"44.0","maxVersion":"44.0"}],"targetPlatforms":[]}
1454658710972	addons.xpi	DEBUG	getModTime: Recursive scan of {972ce4c6-7e08-4474-a285-3208198ce6fd}
1454658710974	addons.xpi	DEBUG	Updating XPIState for {"id":"fiddlerhook@fiddler2.com","syncGUID":"BWaeiwLnTK4J","location":"winreg-app-global","version":"2.5.1.8","type":"extension","internalName":null,"updateURL":null,"updateKey":null,"optionsURL":null,"optionsType":null,"aboutURL":"chrome://fiddlerhook/content/about.xul","icons":{},"iconURL":"chrome://fiddlerhook/content/fiddlerhook.png","icon64URL":null,"defaultLocale":{"name":"FiddlerHook","description":"Integrate Fiddler into Firefox","creator":"Telerik","homepageURL":"https://fiddler2.com/r/?FIDDLERHOOKHELP"},"visible":true,"active":false,"userDisabled":true,"appDisabled":true,"descriptor":"C:\\Program Files (x86)\\Fiddler2\\FiddlerHook","installDate":1440131992017,"updateDate":1440131992017,"applyBackgroundUpdates":1,"bootstrap":false,"size":33903,"sourceURI":null,"releaseNotesURI":null,"softDisabled":false,"foreignInstall":true,"hasBinaryComponents":false,"strictCompatibility":false,"locales":[],"targetApplications":[{"id":"{ec8030f7-c20a-464f-9b0e-13a3a9e97384}","minVersion":"4.0","maxVersion":"42.*"}],"targetPlatforms":[],"multiprocessCompatible":false,"signedState":0}
1454658710974	DeferredSave.extensions.json	DEBUG	Save changes
1454658710974	addons.xpi	DEBUG	Updating database with changes to installed add-ons
1454658710974	addons.xpi-utils	DEBUG	Updating add-on states
1454658710976	addons.xpi-utils	DEBUG	Writing add-ons list
1454658710990	addons.manager	DEBUG	Registering shutdown blocker for XPIProvider
1454658710990	addons.manager	DEBUG	Provider finished startup: XPIProvider
1454658710990	addons.manager	DEBUG	Starting provider: LightweightThemeManager
1454658710990	addons.manager	DEBUG	Registering shutdown blocker for LightweightThemeManager
1454658710991	addons.manager	DEBUG	Provider finished startup: LightweightThemeManager
1454658710991	addons.manager	DEBUG	Starting provider: GMPProvider
1454658711000	addons.manager	DEBUG	Registering shutdown blocker for GMPProvider
1454658711000	addons.manager	DEBUG	Provider finished startup: GMPProvider
1454658711000	addons.manager	DEBUG	Starting provider: PluginProvider
1454658711000	addons.manager	DEBUG	Registering shutdown blocker for PluginProvider
1454658711001	addons.manager	DEBUG	Provider finished startup: PluginProvider
1454658711001	addons.manager	DEBUG	Completed startup sequence
1454658711400	addons.manager	DEBUG	Starting provider: <unnamed-provider>
1454658711400	addons.manager	DEBUG	Registering shutdown blocker for <unnamed-provider>
1454658711400	addons.manager	DEBUG	Provider finished startup: <unnamed-provider>
1454658711593	DeferredSave.extensions.json	DEBUG	Starting write
1454658711901	addons.repository	DEBUG	No addons.json found.
1454658711901	DeferredSave.addons.json	DEBUG	Save changes
1454658711905	DeferredSave.addons.json	DEBUG	Starting timer
1454658711923	addons.manager	DEBUG	Starting provider: PreviousExperimentProvider
1454658711923	addons.manager	DEBUG	Registering shutdown blocker for PreviousExperimentProvider
1454658711924	addons.manager	DEBUG	Provider finished startup: PreviousExperimentProvider
1454658711929	DeferredSave.extensions.json	DEBUG	Write succeeded
1454658711931	addons.xpi-utils	DEBUG	XPI Database saved, setting schema version preference to 17
1454658711964	DeferredSave.addons.json	DEBUG	Starting write
1454658712007	DeferredSave.addons.json	DEBUG	Write succeeded

Build info: version: '2.47.1', revision: '411b314', time: '2015-07-30 02:56:46'
System info: host: 'wqa-test-PC', ip: '192.168.0.13', os.name: 'Windows 10', os.arch: 'amd64', os.version: '10.0', java.version: '1.8.0_66'
Driver info: driver.version: FirefoxDriver
	at org.openqa.selenium.firefox.internal.NewProfileExtensionConnection.start(NewProfileExtensionConnection.java:134)
	at org.openqa.selenium.firefox.FirefoxDriver.startClient(FirefoxDriver.java:276)
	at org.openqa.selenium.remote.RemoteWebDriver.<init>(RemoteWebDriver.java:116)
	at org.openqa.selenium.firefox.FirefoxDriver.<init>(FirefoxDriver.java:223)
	at org.openqa.selenium.firefox.FirefoxDriver.<init>(FirefoxDriver.java:216)
	at org.openqa.selenium.firefox.FirefoxDriver.<init>(FirefoxDriver.java:134)
	at utlilities.TestBase.getWebDriver(TestBase.java:95)
	at utlilities.TestBase.initBeforeMethod(TestBase.java:50)
	at tests.acceptanceTestCases.TestHomePage.setUp(TestHomePage.java:28)
	at sun.reflect.NativeMethodAccessorImpl.invoke0(Native Method)
	at sun.reflect.NativeMethodAccessorImpl.invoke(Unknown Source)
	at sun.reflect.DelegatingMethodAccessorImpl.invoke(Unknown Source)
	at java.lang.reflect.Method.invoke(Unknown Source)
	at org.testng.internal.MethodInvocationHelper.invokeMethod(MethodInvocationHelper.java:85)
	at org.testng.internal.Invoker.invokeConfigurationMethod(Invoker.java:510)
	at org.testng.internal.Invoker.invokeConfigurations(Invoker.java:211)
	at org.testng.internal.Invoker.invokeMethod(Invoker.java:585)
	at org.testng.internal.Invoker.invokeTestMethod(Invoker.java:816)
	at org.testng.internal.Invoker.invokeTestMethods(Invoker.java:1124)
	at org.testng.internal.TestMethodWorker.invokeTestMethods(TestMethodWorker.java:125)
	at org.testng.internal.TestMethodWorker.run(TestMethodWorker.java:108)
	at java.util.concurrent.ThreadPoolExecutor.runWorker(Unknown Source)
	at java.util.concurrent.ThreadPoolExecutor$Worker.run(Unknown Source)
	at java.lang.Thread.run(Unknown Source)
Caused by: org.openqa.selenium.firefox.NotConnectedException: Unable to connect to host 127.0.0.1 on port 7055 after 45000 ms. Firefox console output:
 Contributors"]},"visible":true,"active":true,"userDisabled":false,"appDisabled":false,"descriptor":"C:\\Program Files (x86)\\Mozilla Firefox\\browser\\extensions\\{972ce4c6-7e08-4474-a285-3208198ce6fd}","installDate":1454649944088,"updateDate":1454649944088,"applyBackgroundUpdates":1,"skinnable":true,"size":24166,"sourceURI":null,"releaseNotesURI":null,"softDisabled":false,"foreignInstall":false,"hasBinaryComponents":false,"strictCompatibility":true,"locales":[],"targetApplications":[{"id":"{ec8030f7-c20a-464f-9b0e-13a3a9e97384}","minVersion":"44.0","maxVersion":"44.0"}],"targetPlatforms":[]}
1454658710972	addons.xpi	DEBUG	getModTime: Recursive scan of {972ce4c6-7e08-4474-a285-3208198ce6fd}
1454658710974	addons.xpi	DEBUG	Updating XPIState for {"id":"fiddlerhook@fiddler2.com","syncGUID":"BWaeiwLnTK4J","location":"winreg-app-global","version":"2.5.1.8","type":"extension","internalName":null,"updateURL":null,"updateKey":null,"optionsURL":null,"optionsType":null,"aboutURL":"chrome://fiddlerhook/content/about.xul","icons":{},"iconURL":"chrome://fiddlerhook/content/fiddlerhook.png","icon64URL":null,"defaultLocale":{"name":"FiddlerHook","description":"Integrate Fiddler into Firefox","creator":"Telerik","homepageURL":"https://fiddler2.com/r/?FIDDLERHOOKHELP"},"visible":true,"active":false,"userDisabled":true,"appDisabled":true,"descriptor":"C:\\Program Files (x86)\\Fiddler2\\FiddlerHook","installDate":1440131992017,"updateDate":1440131992017,"applyBackgroundUpdates":1,"bootstrap":false,"size":33903,"sourceURI":null,"releaseNotesURI":null,"softDisabled":false,"foreignInstall":true,"hasBinaryComponents":false,"strictCompatibility":false,"locales":[],"targetApplications":[{"id":"{ec8030f7-c20a-464f-9b0e-13a3a9e97384}","minVersion":"4.0","maxVersion":"42.*"}],"targetPlatforms":[],"multiprocessCompatible":false,"signedState":0}
1454658710974	DeferredSave.extensions.json	DEBUG	Save changes
1454658710974	addons.xpi	DEBUG	Updating database with changes to installed add-ons
1454658710974	addons.xpi-utils	DEBUG	Updating add-on states
1454658710976	addons.xpi-utils	DEBUG	Writing add-ons list
1454658710990	addons.manager	DEBUG	Registering shutdown blocker for XPIProvider
1454658710990	addons.manager	DEBUG	Provider finished startup: XPIProvider
1454658710990	addons.manager	DEBUG	Starting provider: LightweightThemeManager
1454658710990	addons.manager	DEBUG	Registering shutdown blocker for LightweightThemeManager
1454658710991	addons.manager	DEBUG	Provider finished startup: LightweightThemeManager
1454658710991	addons.manager	DEBUG	Starting provider: GMPProvider
1454658711000	addons.manager	DEBUG	Registering shutdown blocker for GMPProvider
1454658711000	addons.manager	DEBUG	Provider finished startup: GMPProvider
1454658711000	addons.manager	DEBUG	Starting provider: PluginProvider
1454658711000	addons.manager	DEBUG	Registering shutdown blocker for PluginProvider
1454658711001	addons.manager	DEBUG	Provider finished startup: PluginProvider
1454658711001	addons.manager	DEBUG	Completed startup sequence
1454658711400	addons.manager	DEBUG	Starting provider: <unnamed-provider>
1454658711400	addons.manager	DEBUG	Registering shutdown blocker for <unnamed-provider>
1454658711400	addons.manager	DEBUG	Provider finished startup: <unnamed-provider>
1454658711593	DeferredSave.extensions.json	DEBUG	Starting write
1454658711901	addons.repository	DEBUG	No addons.json found.
1454658711901	DeferredSave.addons.json	DEBUG	Save changes
1454658711905	DeferredSave.addons.json	DEBUG	Starting timer
1454658711923	addons.manager	DEBUG	Starting provider: PreviousExperimentProvider
1454658711923	addons.manager	DEBUG	Registering shutdown blocker for PreviousExperimentProvider
1454658711924	addons.manager	DEBUG	Provider finished startup: PreviousExperimentProvider
1454658711929	DeferredSave.extensions.json	DEBUG	Write succeeded
1454658711931	addons.xpi-utils	DEBUG	XPI Database saved, setting schema version preference to 17
1454658711964	DeferredSave.addons.json	DEBUG	Starting write
1454658712007	DeferredSave.addons.json	DEBUG	Write succeeded

	at org.openqa.selenium.firefox.internal.NewProfileExtensionConnection.start(NewProfileExtensionConnection.java:122)
	... 23 more
]]>
    </error>
  </testcase> <!-- testZebraFromCA -->
</testsuite> <!-- tests.acceptanceTestCases.TestHomePage -->
